[roslaunch][INFO] 2026-03-11 11:50:58,192: Checking log directory for disk usage. This may take a while.
Press Ctrl-C to interrupt
[roslaunch][INFO] 2026-03-11 11:50:58,195: Done checking log file disk usage. Usage is <1GB.
[roslaunch][INFO] 2026-03-11 11:50:58,195: roslaunch starting with args ['/opt/ros/noetic/bin/roslaunch', '/root/code/tank-setup/bluerov2_pid/ros_qualysis/src/launch/qualisys_bauzil_bringup.launch']
[roslaunch][INFO] 2026-03-11 11:50:58,195: roslaunch env is environ({'ROS_VERSION': '1', 'PKG_CONFIG_PATH': '/opt/ros/noetic/lib/pkgconfig', 'ROS_PYTHON_VERSION': '3', 'HOSTNAME': 'dfd1434c44f2', 'ROS_PACKAGE_PATH': '/opt/ros/noetic/share', 'ROSLISP_PACKAGE_DIRECTORIES': '', 'PWD': '/root/code/tank-setup/bluerov2_pid/ros_qualysis/src/launch', 'HOME': '/root', 'LANG': 'C.UTF-8', 'ROS_ETC_DIR': '/opt/ros/noetic/etc/ros', 'CMAKE_PREFIX_PATH': '/opt/ros/noetic', 'PYTHONPATH': '/opt/ros/noetic/lib/python3/dist-packages', 'TERM': 'xterm', 'DISPLAY': ':1', 'SHLVL': '1', 'ROS_MASTER_URI': 'http://localhost:11311', 'LD_LIBRARY_PATH': '/opt/openrobots/lib:/opt/ros/noetic/lib', 'LC_ALL': 'C.UTF-8', 'PATH': '/opt/ros/noetic/bin:/usr/local/sbin:/usr/local/bin:/usr/sbin:/usr/bin:/sbin:/bin', 'ROS_ROOT': '/opt/ros/noetic/share/ros', 'ROS_DISTRO': 'noetic', 'QT_X11_NO_MITSHM': '1', 'OLDPWD': '/root/code/tank-setup/bluerov2_pid/ros_qualysis/src', '_': '/opt/ros/noetic/bin/roslaunch', 'ROS_LOG_FILENAME': '/root/.ros/log/91837656-1d40-11f1-b337-42c45de47f1a/roslaunch-dfd1434c44f2-172.log'})
[roslaunch][INFO] 2026-03-11 11:50:58,195: starting in server mode
[roslaunch.parent][INFO] 2026-03-11 11:50:58,195: starting roslaunch parent run
[roslaunch][INFO] 2026-03-11 11:50:58,196: loading roscore config file /opt/ros/noetic/etc/ros/roscore.xml
[roslaunch][INFO] 2026-03-11 11:50:58,277: Added core node of type [rosout/rosout] in namespace [/]
[roslaunch.config][INFO] 2026-03-11 11:50:58,277: loading config file /root/code/tank-setup/bluerov2_pid/ros_qualysis/src/launch/qualisys_bauzil_bringup.launch
[roslaunch][INFO] 2026-03-11 11:50:58,278: Added node of type [ros-qualisys/ros-qualisys] in namespace [/]
[roslaunch][INFO] 2026-03-11 11:50:58,278: ... selected machine [] for node of type [ros-qualisys/ros-qualisys]
[roslaunch.pmon][INFO] 2026-03-11 11:50:58,279: start_process_monitor: creating ProcessMonitor
[roslaunch.pmon][INFO] 2026-03-11 11:50:58,279: created process monitor <ProcessMonitor(ProcessMonitor-1, initial daemon)>
[roslaunch.pmon][INFO] 2026-03-11 11:50:58,279: start_process_monitor: ProcessMonitor started
[roslaunch.parent][INFO] 2026-03-11 11:50:58,280: starting parent XML-RPC server
[roslaunch.server][INFO] 2026-03-11 11:50:58,280: starting roslaunch XML-RPC server
[roslaunch.server][INFO] 2026-03-11 11:50:58,280: waiting for roslaunch XML-RPC server to initialize
[xmlrpc][INFO] 2026-03-11 11:50:58,280: XML-RPC server binding to 0.0.0.0:0
[xmlrpc][INFO] 2026-03-11 11:50:58,281: Started XML-RPC server [http://dfd1434c44f2:44071/]
[xmlrpc][INFO] 2026-03-11 11:50:58,281: xml rpc node: starting XML-RPC server
[roslaunch][INFO] 2026-03-11 11:50:58,292: started roslaunch server http://dfd1434c44f2:44071/
[roslaunch.parent][INFO] 2026-03-11 11:50:58,292: ... parent XML-RPC server started
[roslaunch][INFO] 2026-03-11 11:50:58,292: master.is_running[http://localhost:11311]
[roslaunch][INFO] 2026-03-11 11:50:58,293: auto-starting new master
[roslaunch][INFO] 2026-03-11 11:50:58,293: create_master_process: rosmaster, /opt/ros/noetic/share/ros, 11311, 3, None, False
[roslaunch][INFO] 2026-03-11 11:50:58,293: process[master]: launching with args [['rosmaster', '--core', '-p', '11311', '-w', '3']]
[roslaunch.pmon][INFO] 2026-03-11 11:50:58,293: ProcessMonitor.register[master]
[roslaunch.pmon][INFO] 2026-03-11 11:50:58,293: ProcessMonitor.register[master] complete
[roslaunch][INFO] 2026-03-11 11:50:58,293: process[master]: starting os process
[roslaunch][INFO] 2026-03-11 11:50:58,293: process[master]: start w/ args [['rosmaster', '--core', '-p', '11311', '-w', '3', '__log:=/root/.ros/log/91837656-1d40-11f1-b337-42c45de47f1a/master.log']]
[roslaunch][INFO] 2026-03-11 11:50:58,293: process[master]: cwd will be [/root/.ros]
[roslaunch][INFO] 2026-03-11 11:50:58,295: process[master]: started with pid [201]
[roslaunch][INFO] 2026-03-11 11:50:58,296: master.is_running[http://localhost:11311]
[roslaunch][INFO] 2026-03-11 11:50:58,396: master.is_running[http://localhost:11311]
[roslaunch][INFO] 2026-03-11 11:50:58,497: master.is_running[http://localhost:11311]
[roslaunch][INFO] 2026-03-11 11:50:58,499: master.is_running[http://localhost:11311]
[roslaunch][INFO] 2026-03-11 11:50:58,500: ROS_MASTER_URI=http://localhost:11311
[roslaunch][INFO] 2026-03-11 11:50:58,502: setting /run_id to 91837656-1d40-11f1-b337-42c45de47f1a
[roslaunch][INFO] 2026-03-11 11:50:58,503: setting /roslaunch/uris/host_dfd1434c44f2__44071' to http://dfd1434c44f2:44071/
[roslaunch][INFO] 2026-03-11 11:50:58,505: ... preparing to launch node of type [rosout/rosout]
[roslaunch][INFO] 2026-03-11 11:50:58,505: create_node_process: package[rosout] type[rosout] machine[Machine(name[] env_loader[None] address[localhost] ssh_port[22] user[None] assignable[True] timeout[10.0])] master_uri[http://localhost:11311]
[roslaunch][INFO] 2026-03-11 11:50:58,505: process[rosout-1]: env[{'ROS_VERSION': '1', 'PKG_CONFIG_PATH': '/opt/ros/noetic/lib/pkgconfig', 'ROS_PYTHON_VERSION': '3', 'HOSTNAME': 'dfd1434c44f2', 'ROS_PACKAGE_PATH': '/opt/ros/noetic/share', 'ROSLISP_PACKAGE_DIRECTORIES': '', 'PWD': '/root/code/tank-setup/bluerov2_pid/ros_qualysis/src/launch', 'HOME': '/root', 'LANG': 'C.UTF-8', 'ROS_ETC_DIR': '/opt/ros/noetic/etc/ros', 'CMAKE_PREFIX_PATH': '/opt/ros/noetic', 'PYTHONPATH': '/opt/ros/noetic/lib/python3/dist-packages', 'TERM': 'xterm', 'DISPLAY': ':1', 'SHLVL': '1', 'ROS_MASTER_URI': 'http://localhost:11311', 'LD_LIBRARY_PATH': '/opt/openrobots/lib:/opt/ros/noetic/lib', 'LC_ALL': 'C.UTF-8', 'PATH': '/opt/ros/noetic/bin:/usr/local/sbin:/usr/local/bin:/usr/sbin:/usr/bin:/sbin:/bin', 'ROS_ROOT': '/opt/ros/noetic/share/ros', 'ROS_DISTRO': 'noetic', 'QT_X11_NO_MITSHM': '1', 'OLDPWD': '/root/code/tank-setup/bluerov2_pid/ros_qualysis/src', '_': '/opt/ros/noetic/bin/roslaunch', 'ROS_LOG_FILENAME': '/root/.ros/log/91837656-1d40-11f1-b337-42c45de47f1a/roslaunch-dfd1434c44f2-172.log'}]
[roslaunch][INFO] 2026-03-11 11:50:58,524: process[rosout-1]: args[['/opt/ros/noetic/lib/rosout/rosout', '__name:=rosout']]
[roslaunch][INFO] 2026-03-11 11:50:58,524: ... created process [rosout-1]
[roslaunch.pmon][INFO] 2026-03-11 11:50:58,524: ProcessMonitor.register[rosout-1]
[roslaunch.pmon][INFO] 2026-03-11 11:50:58,524: ProcessMonitor.register[rosout-1] complete
[roslaunch][INFO] 2026-03-11 11:50:58,524: ... registered process [rosout-1]
[roslaunch][INFO] 2026-03-11 11:50:58,524: process[rosout-1]: starting os process
[roslaunch][INFO] 2026-03-11 11:50:58,525: process[rosout-1]: start w/ args [['/opt/ros/noetic/lib/rosout/rosout', '__name:=rosout', '__log:=/root/.ros/log/91837656-1d40-11f1-b337-42c45de47f1a/rosout-1.log']]
[roslaunch][INFO] 2026-03-11 11:50:58,525: process[rosout-1]: cwd will be [/root/.ros]
[roslaunch][INFO] 2026-03-11 11:50:58,527: process[rosout-1]: started with pid [232]
[roslaunch][INFO] 2026-03-11 11:50:58,527: ... successfully launched [rosout-1]
[roslaunch][INFO] 2026-03-11 11:50:58,527: load_parameters starting ...
[roslaunch][INFO] 2026-03-11 11:50:58,531: ... load_parameters complete
[roslaunch][INFO] 2026-03-11 11:50:58,531: launch_nodes: launching local nodes ...
[roslaunch][INFO] 2026-03-11 11:50:58,531: ... preparing to launch node of type [ros-qualisys/ros-qualisys]
[roslaunch][INFO] 2026-03-11 11:50:58,531: create_node_process: package[ros-qualisys] type[ros-qualisys] machine[Machine(name[] env_loader[None] address[localhost] ssh_port[22] user[None] assignable[True] timeout[10.0])] master_uri[http://localhost:11311]
[roslaunch][INFO] 2026-03-11 11:50:58,531: process[qualisys-2]: env[{'ROS_VERSION': '1', 'PKG_CONFIG_PATH': '/opt/ros/noetic/lib/pkgconfig', 'ROS_PYTHON_VERSION': '3', 'HOSTNAME': 'dfd1434c44f2', 'ROS_PACKAGE_PATH': '/opt/ros/noetic/share', 'ROSLISP_PACKAGE_DIRECTORIES': '', 'PWD': '/root/code/tank-setup/bluerov2_pid/ros_qualysis/src/launch', 'HOME': '/root', 'LANG': 'C.UTF-8', 'ROS_ETC_DIR': '/opt/ros/noetic/etc/ros', 'CMAKE_PREFIX_PATH': '/opt/ros/noetic', 'PYTHONPATH': '/opt/ros/noetic/lib/python3/dist-packages', 'TERM': 'xterm', 'DISPLAY': ':1', 'SHLVL': '1', 'ROS_MASTER_URI': 'http://localhost:11311', 'LD_LIBRARY_PATH': '/opt/openrobots/lib:/opt/ros/noetic/lib', 'LC_ALL': 'C.UTF-8', 'PATH': '/opt/ros/noetic/bin:/usr/local/sbin:/usr/local/bin:/usr/sbin:/usr/bin:/sbin:/bin', 'ROS_ROOT': '/opt/ros/noetic/share/ros', 'ROS_DISTRO': 'noetic', 'QT_X11_NO_MITSHM': '1', 'OLDPWD': '/root/code/tank-setup/bluerov2_pid/ros_qualysis/src', '_': '/opt/ros/noetic/bin/roslaunch', 'ROS_LOG_FILENAME': '/root/.ros/log/91837656-1d40-11f1-b337-42c45de47f1a/roslaunch-dfd1434c44f2-172.log'}]
[roslaunch][ERROR] 2026-03-11 11:50:58,531: ros-qualisys
ROS path [0]=/opt/ros/noetic/share/ros
ROS path [1]=/opt/ros/noetic/share
[roslaunch][ERROR] 2026-03-11 11:50:58,531: ERROR: cannot launch node of type [ros-qualisys/ros-qualisys]: ros-qualisys
ROS path [0]=/opt/ros/noetic/share/ros
ROS path [1]=/opt/ros/noetic/share
[roslaunch][INFO] 2026-03-11 11:50:58,532: ... launch_nodes complete
[roslaunch.pmon][INFO] 2026-03-11 11:50:58,532: registrations completed <ProcessMonitor(ProcessMonitor-1, started daemon 140161305831168)>
[roslaunch.parent][INFO] 2026-03-11 11:50:58,532: ... roslaunch parent running, waiting for process exit
[roslaunch][INFO] 2026-03-11 11:50:58,532: spin
[roslaunch.pmon][INFO] 2026-03-11 11:51:00,118: ProcessMonitor.shutdown <ProcessMonitor(ProcessMonitor-1, started daemon 140161305831168)>
[roslaunch.pmon][INFO] 2026-03-11 11:51:00,183: ProcessMonitor._post_run <ProcessMonitor(ProcessMonitor-1, started daemon 140161305831168)>
[roslaunch.pmon][INFO] 2026-03-11 11:51:00,183: ProcessMonitor._post_run <ProcessMonitor(ProcessMonitor-1, started daemon 140161305831168)>: remaining procs are [<roslaunch.nodeprocess.LocalProcess object at 0x7f79eed6f880>, <roslaunch.nodeprocess.LocalProcess object at 0x7f79eed6fa30>]
[roslaunch.pmon][INFO] 2026-03-11 11:51:00,186: ProcessMonitor exit: killing rosout-1
[roslaunch][INFO] 2026-03-11 11:51:00,186: [rosout-1] killing on exit
[roslaunch][INFO] 2026-03-11 11:51:00,186: process[rosout-1]: killing os process with pid[232] pgid[232]
[roslaunch][INFO] 2026-03-11 11:51:00,186: [rosout-1] sending SIGINT to pgid [232]
[roslaunch][INFO] 2026-03-11 11:51:00,186: [rosout-1] sent SIGINT to pgid [232]
[roslaunch][INFO] 2026-03-11 11:51:00,386: process[rosout-1]: SIGINT killed with return value 0
[roslaunch.pmon][INFO] 2026-03-11 11:51:00,387: ProcessMonitor exit: killing master
[roslaunch][INFO] 2026-03-11 11:51:00,387: [master] killing on exit
[roslaunch][INFO] 2026-03-11 11:51:00,387: process[master]: killing os process with pid[201] pgid[201]
[roslaunch][INFO] 2026-03-11 11:51:00,387: [master] sending SIGINT to pgid [201]
[roslaunch][INFO] 2026-03-11 11:51:00,387: [master] sent SIGINT to pgid [201]
[roslaunch][INFO] 2026-03-11 11:51:00,588: process[master]: SIGINT killed with return value 0
[roslaunch.pmon][INFO] 2026-03-11 11:51:00,588: ProcessMonitor exit: cleaning up data structures and signals
[roslaunch.pmon][INFO] 2026-03-11 11:51:00,588: ProcessMonitor exit: pmon has shutdown
[roslaunch][INFO] 2026-03-11 11:51:00,588: process monitor is done spinning, initiating full shutdown
[roslaunch][INFO] 2026-03-11 11:51:00,588: runner.stop()
[roslaunch][INFO] 2026-03-11 11:51:00,588: shutting down processing monitor...
[roslaunch][INFO] 2026-03-11 11:51:00,588: shutting down processing monitor <ProcessMonitor(ProcessMonitor-1, stopped daemon 140161305831168)>
[roslaunch.pmon][INFO] 2026-03-11 11:51:00,588: ProcessMonitor.shutdown <ProcessMonitor(ProcessMonitor-1, stopped daemon 140161305831168)>
[roslaunch][INFO] 2026-03-11 11:51:00,588: ... shutting down processing monitor complete
[roslaunch][INFO] 2026-03-11 11:51:00,588: done
[roslaunch.pmon][INFO] 2026-03-11 11:51:00,588: ProcessMonitor.shutdown <ProcessMonitor(ProcessMonitor-1, stopped daemon 140161305831168)>
[rospy.core][INFO] 2026-03-11 11:51:00,589: signal_shutdown [atexit]
