[roslaunch][INFO] 2026-03-11 11:52:47,233: Checking log directory for disk usage. This may take a while.
Press Ctrl-C to interrupt
[roslaunch][INFO] 2026-03-11 11:52:47,236: Done checking log file disk usage. Usage is <1GB.
[roslaunch][INFO] 2026-03-11 11:52:47,236: roslaunch starting with args ['/opt/ros/noetic/bin/roslaunch', 'ros-qualisys', 'qualisys_bauzil_bringup.launch']
[roslaunch][INFO] 2026-03-11 11:52:47,236: roslaunch env is environ({'ROS_VERSION': '1', 'PKG_CONFIG_PATH': '/root/code/tank-setup/bluerov2_pid/ros_qualysis/install/ros-qualisys/lib/x86_64-linux-gnu/pkgconfig:/root/code/tank-setup/bluerov2_pid/ros_qualysis/install/ros-qualisys/lib/pkgconfig:/opt/ros/noetic/lib/pkgconfig', 'ROS_PYTHON_VERSION': '3', 'HOSTNAME': 'dfd1434c44f2', 'ROS_PACKAGE_PATH': '/root/code/tank-setup/bluerov2_pid/ros_qualysis/install/ros-qualisys/share:/opt/ros/noetic/share', 'ROSLISP_PACKAGE_DIRECTORIES': '', 'PWD': '/root/code/tank-setup/bluerov2_pid/ros_qualysis', 'HOME': '/root', 'LANG': 'C.UTF-8', 'ROS_ETC_DIR': '/opt/ros/noetic/etc/ros', 'CMAKE_PREFIX_PATH': '/root/code/tank-setup/bluerov2_pid/ros_qualysis/install/ros-qualisys:/opt/ros/noetic', 'COLCON_PREFIX_PATH': '/root/code/tank-setup/bluerov2_pid/ros_qualysis/install', 'PYTHONPATH': '/opt/ros/noetic/lib/python3/dist-packages', 'TERM': 'xterm', 'DISPLAY': ':1', 'SHLVL': '1', 'ROS_MASTER_URI': 'http://localhost:11311', 'LD_LIBRARY_PATH': '/opt/openrobots/lib:/root/code/tank-setup/bluerov2_pid/ros_qualysis/install/ros-qualisys/lib:/opt/openrobots/lib:/opt/ros/noetic/lib', 'LC_ALL': 'C.UTF-8', 'PATH': '/opt/ros/noetic/bin:/usr/local/sbin:/usr/local/bin:/usr/sbin:/usr/bin:/sbin:/bin', 'ROS_ROOT': '/opt/ros/noetic/share/ros', 'ROS_DISTRO': 'noetic', 'QT_X11_NO_MITSHM': '1', 'OLDPWD': '/root/code/tank-setup/bluerov2_pid', '_': '/opt/ros/noetic/bin/roslaunch', 'ROS_LOG_FILENAME': '/root/.ros/log/d282119e-1d40-11f1-8c79-42c45de47f1a/roslaunch-dfd1434c44f2-468.log'})
[roslaunch][INFO] 2026-03-11 11:52:47,236: starting in server mode
[roslaunch.parent][INFO] 2026-03-11 11:52:47,236: starting roslaunch parent run
[roslaunch][INFO] 2026-03-11 11:52:47,236: loading roscore config file /opt/ros/noetic/etc/ros/roscore.xml
[roslaunch][INFO] 2026-03-11 11:52:47,329: Added core node of type [rosout/rosout] in namespace [/]
[roslaunch.config][INFO] 2026-03-11 11:52:47,329: loading config file /root/code/tank-setup/bluerov2_pid/ros_qualysis/install/ros-qualisys/share/ros-qualisys/launch/qualisys_bauzil_bringup.launch
[roslaunch][INFO] 2026-03-11 11:52:47,330: Added node of type [ros-qualisys/ros-qualisys] in namespace [/]
[roslaunch][INFO] 2026-03-11 11:52:47,330: ... selected machine [] for node of type [ros-qualisys/ros-qualisys]
[roslaunch.pmon][INFO] 2026-03-11 11:52:47,331: start_process_monitor: creating ProcessMonitor
[roslaunch.pmon][INFO] 2026-03-11 11:52:47,331: created process monitor <ProcessMonitor(ProcessMonitor-1, initial daemon)>
[roslaunch.pmon][INFO] 2026-03-11 11:52:47,332: start_process_monitor: ProcessMonitor started
[roslaunch.parent][INFO] 2026-03-11 11:52:47,332: starting parent XML-RPC server
[roslaunch.server][INFO] 2026-03-11 11:52:47,332: starting roslaunch XML-RPC server
[roslaunch.server][INFO] 2026-03-11 11:52:47,332: waiting for roslaunch XML-RPC server to initialize
[xmlrpc][INFO] 2026-03-11 11:52:47,332: XML-RPC server binding to 0.0.0.0:0
[xmlrpc][INFO] 2026-03-11 11:52:47,333: Started XML-RPC server [http://dfd1434c44f2:37277/]
[xmlrpc][INFO] 2026-03-11 11:52:47,333: xml rpc node: starting XML-RPC server
[roslaunch][INFO] 2026-03-11 11:52:47,344: started roslaunch server http://dfd1434c44f2:37277/
[roslaunch.parent][INFO] 2026-03-11 11:52:47,345: ... parent XML-RPC server started
[roslaunch][INFO] 2026-03-11 11:52:47,345: master.is_running[http://localhost:11311]
[roslaunch][INFO] 2026-03-11 11:52:47,346: auto-starting new master
[roslaunch][INFO] 2026-03-11 11:52:47,346: create_master_process: rosmaster, /opt/ros/noetic/share/ros, 11311, 3, None, False
[roslaunch][INFO] 2026-03-11 11:52:47,346: process[master]: launching with args [['rosmaster', '--core', '-p', '11311', '-w', '3']]
[roslaunch.pmon][INFO] 2026-03-11 11:52:47,346: ProcessMonitor.register[master]
[roslaunch.pmon][INFO] 2026-03-11 11:52:47,346: ProcessMonitor.register[master] complete
[roslaunch][INFO] 2026-03-11 11:52:47,346: process[master]: starting os process
[roslaunch][INFO] 2026-03-11 11:52:47,346: process[master]: start w/ args [['rosmaster', '--core', '-p', '11311', '-w', '3', '__log:=/root/.ros/log/d282119e-1d40-11f1-8c79-42c45de47f1a/master.log']]
[roslaunch][INFO] 2026-03-11 11:52:47,346: process[master]: cwd will be [/root/.ros]
[roslaunch][INFO] 2026-03-11 11:52:47,349: process[master]: started with pid [497]
[roslaunch][INFO] 2026-03-11 11:52:47,349: master.is_running[http://localhost:11311]
[roslaunch][INFO] 2026-03-11 11:52:47,450: master.is_running[http://localhost:11311]
[roslaunch][INFO] 2026-03-11 11:52:47,551: master.is_running[http://localhost:11311]
[roslaunch][INFO] 2026-03-11 11:52:47,553: master.is_running[http://localhost:11311]
[roslaunch][INFO] 2026-03-11 11:52:47,554: ROS_MASTER_URI=http://localhost:11311
[roslaunch][INFO] 2026-03-11 11:52:47,555: setting /run_id to d282119e-1d40-11f1-8c79-42c45de47f1a
[roslaunch][INFO] 2026-03-11 11:52:47,556: setting /roslaunch/uris/host_dfd1434c44f2__37277' to http://dfd1434c44f2:37277/
[roslaunch][INFO] 2026-03-11 11:52:47,558: ... preparing to launch node of type [rosout/rosout]
[roslaunch][INFO] 2026-03-11 11:52:47,558: create_node_process: package[rosout] type[rosout] machine[Machine(name[] env_loader[None] address[localhost] ssh_port[22] user[None] assignable[True] timeout[10.0])] master_uri[http://localhost:11311]
[roslaunch][INFO] 2026-03-11 11:52:47,558: process[rosout-1]: env[{'ROS_VERSION': '1', 'PKG_CONFIG_PATH': '/root/code/tank-setup/bluerov2_pid/ros_qualysis/install/ros-qualisys/lib/x86_64-linux-gnu/pkgconfig:/root/code/tank-setup/bluerov2_pid/ros_qualysis/install/ros-qualisys/lib/pkgconfig:/opt/ros/noetic/lib/pkgconfig', 'ROS_PYTHON_VERSION': '3', 'HOSTNAME': 'dfd1434c44f2', 'ROS_PACKAGE_PATH': '/root/code/tank-setup/bluerov2_pid/ros_qualysis/install/ros-qualisys/share:/opt/ros/noetic/share', 'ROSLISP_PACKAGE_DIRECTORIES': '', 'PWD': '/root/code/tank-setup/bluerov2_pid/ros_qualysis', 'HOME': '/root', 'LANG': 'C.UTF-8', 'ROS_ETC_DIR': '/opt/ros/noetic/etc/ros', 'CMAKE_PREFIX_PATH': '/root/code/tank-setup/bluerov2_pid/ros_qualysis/install/ros-qualisys:/opt/ros/noetic', 'COLCON_PREFIX_PATH': '/root/code/tank-setup/bluerov2_pid/ros_qualysis/install', 'PYTHONPATH': '/opt/ros/noetic/lib/python3/dist-packages', 'TERM': 'xterm', 'DISPLAY': ':1', 'SHLVL': '1', 'ROS_MASTER_URI': 'http://localhost:11311', 'LD_LIBRARY_PATH': '/opt/openrobots/lib:/root/code/tank-setup/bluerov2_pid/ros_qualysis/install/ros-qualisys/lib:/opt/openrobots/lib:/opt/ros/noetic/lib', 'LC_ALL': 'C.UTF-8', 'PATH': '/opt/ros/noetic/bin:/usr/local/sbin:/usr/local/bin:/usr/sbin:/usr/bin:/sbin:/bin', 'ROS_ROOT': '/opt/ros/noetic/share/ros', 'ROS_DISTRO': 'noetic', 'QT_X11_NO_MITSHM': '1', 'OLDPWD': '/root/code/tank-setup/bluerov2_pid', '_': '/opt/ros/noetic/bin/roslaunch', 'ROS_LOG_FILENAME': '/root/.ros/log/d282119e-1d40-11f1-8c79-42c45de47f1a/roslaunch-dfd1434c44f2-468.log'}]
[roslaunch][INFO] 2026-03-11 11:52:47,575: process[rosout-1]: args[['/opt/ros/noetic/lib/rosout/rosout', '__name:=rosout']]
[roslaunch][INFO] 2026-03-11 11:52:47,575: ... created process [rosout-1]
[roslaunch.pmon][INFO] 2026-03-11 11:52:47,575: ProcessMonitor.register[rosout-1]
[roslaunch.pmon][INFO] 2026-03-11 11:52:47,575: ProcessMonitor.register[rosout-1] complete
[roslaunch][INFO] 2026-03-11 11:52:47,575: ... registered process [rosout-1]
[roslaunch][INFO] 2026-03-11 11:52:47,575: process[rosout-1]: starting os process
[roslaunch][INFO] 2026-03-11 11:52:47,575: process[rosout-1]: start w/ args [['/opt/ros/noetic/lib/rosout/rosout', '__name:=rosout', '__log:=/root/.ros/log/d282119e-1d40-11f1-8c79-42c45de47f1a/rosout-1.log']]
[roslaunch][INFO] 2026-03-11 11:52:47,575: process[rosout-1]: cwd will be [/root/.ros]
[roslaunch][INFO] 2026-03-11 11:52:47,578: process[rosout-1]: started with pid [528]
[roslaunch][INFO] 2026-03-11 11:52:47,578: ... successfully launched [rosout-1]
[roslaunch][INFO] 2026-03-11 11:52:47,578: load_parameters starting ...
[roslaunch][INFO] 2026-03-11 11:52:47,581: ... load_parameters complete
[roslaunch][INFO] 2026-03-11 11:52:47,581: launch_nodes: launching local nodes ...
[roslaunch][INFO] 2026-03-11 11:52:47,581: ... preparing to launch node of type [ros-qualisys/ros-qualisys]
[roslaunch][INFO] 2026-03-11 11:52:47,581: create_node_process: package[ros-qualisys] type[ros-qualisys] machine[Machine(name[] env_loader[None] address[localhost] ssh_port[22] user[None] assignable[True] timeout[10.0])] master_uri[http://localhost:11311]
[roslaunch][INFO] 2026-03-11 11:52:47,581: process[qualisys-2]: env[{'ROS_VERSION': '1', 'PKG_CONFIG_PATH': '/root/code/tank-setup/bluerov2_pid/ros_qualysis/install/ros-qualisys/lib/x86_64-linux-gnu/pkgconfig:/root/code/tank-setup/bluerov2_pid/ros_qualysis/install/ros-qualisys/lib/pkgconfig:/opt/ros/noetic/lib/pkgconfig', 'ROS_PYTHON_VERSION': '3', 'HOSTNAME': 'dfd1434c44f2', 'ROS_PACKAGE_PATH': '/root/code/tank-setup/bluerov2_pid/ros_qualysis/install/ros-qualisys/share:/opt/ros/noetic/share', 'ROSLISP_PACKAGE_DIRECTORIES': '', 'PWD': '/root/code/tank-setup/bluerov2_pid/ros_qualysis', 'HOME': '/root', 'LANG': 'C.UTF-8', 'ROS_ETC_DIR': '/opt/ros/noetic/etc/ros', 'CMAKE_PREFIX_PATH': '/root/code/tank-setup/bluerov2_pid/ros_qualysis/install/ros-qualisys:/opt/ros/noetic', 'COLCON_PREFIX_PATH': '/root/code/tank-setup/bluerov2_pid/ros_qualysis/install', 'PYTHONPATH': '/opt/ros/noetic/lib/python3/dist-packages', 'TERM': 'xterm', 'DISPLAY': ':1', 'SHLVL': '1', 'ROS_MASTER_URI': 'http://localhost:11311', 'LD_LIBRARY_PATH': '/opt/openrobots/lib:/root/code/tank-setup/bluerov2_pid/ros_qualysis/install/ros-qualisys/lib:/opt/openrobots/lib:/opt/ros/noetic/lib', 'LC_ALL': 'C.UTF-8', 'PATH': '/opt/ros/noetic/bin:/usr/local/sbin:/usr/local/bin:/usr/sbin:/usr/bin:/sbin:/bin', 'ROS_ROOT': '/opt/ros/noetic/share/ros', 'ROS_DISTRO': 'noetic', 'QT_X11_NO_MITSHM': '1', 'OLDPWD': '/root/code/tank-setup/bluerov2_pid', '_': '/opt/ros/noetic/bin/roslaunch', 'ROS_LOG_FILENAME': '/root/.ros/log/d282119e-1d40-11f1-8c79-42c45de47f1a/roslaunch-dfd1434c44f2-468.log'}]
[roslaunch][INFO] 2026-03-11 11:52:47,581: process[qualisys-2]: args[['/root/code/tank-setup/bluerov2_pid/ros_qualysis/install/ros-qualisys/lib/ros-qualisys/ros-qualisys', '__name:=qualisys']]
[roslaunch][INFO] 2026-03-11 11:52:47,581: ... created process [qualisys-2]
[roslaunch.pmon][INFO] 2026-03-11 11:52:47,581: ProcessMonitor.register[qualisys-2]
[roslaunch.pmon][INFO] 2026-03-11 11:52:47,581: ProcessMonitor.register[qualisys-2] complete
[roslaunch][INFO] 2026-03-11 11:52:47,581: ... registered process [qualisys-2]
[roslaunch][INFO] 2026-03-11 11:52:47,581: process[qualisys-2]: starting os process
[roslaunch][INFO] 2026-03-11 11:52:47,581: process[qualisys-2]: start w/ args [['/root/code/tank-setup/bluerov2_pid/ros_qualysis/install/ros-qualisys/lib/ros-qualisys/ros-qualisys', '__name:=qualisys', '__log:=/root/.ros/log/d282119e-1d40-11f1-8c79-42c45de47f1a/qualisys-2.log']]
[roslaunch][INFO] 2026-03-11 11:52:47,581: process[qualisys-2]: cwd will be [/root/.ros]
[roslaunch][INFO] 2026-03-11 11:52:47,584: process[qualisys-2]: started with pid [531]
[roslaunch][INFO] 2026-03-11 11:52:47,584: ... successfully launched [qualisys-2]
[roslaunch][INFO] 2026-03-11 11:52:47,584: ... launch_nodes complete
[roslaunch.pmon][INFO] 2026-03-11 11:52:47,584: registrations completed <ProcessMonitor(ProcessMonitor-1, started daemon 140460325963520)>
[roslaunch.parent][INFO] 2026-03-11 11:52:47,584: ... roslaunch parent running, waiting for process exit
[roslaunch][INFO] 2026-03-11 11:52:47,584: spin
[roslaunch.pmon][INFO] 2026-03-11 11:52:50,842: ProcessMonitor.shutdown <ProcessMonitor(ProcessMonitor-1, started daemon 140460325963520)>
[roslaunch.pmon][INFO] 2026-03-11 11:52:50,938: ProcessMonitor._post_run <ProcessMonitor(ProcessMonitor-1, started daemon 140460325963520)>
[roslaunch.pmon][INFO] 2026-03-11 11:52:50,939: ProcessMonitor._post_run <ProcessMonitor(ProcessMonitor-1, started daemon 140460325963520)>: remaining procs are [<roslaunch.nodeprocess.LocalProcess object at 0x7fbf8bd42850>, <roslaunch.nodeprocess.LocalProcess object at 0x7fbf8bd42a90>, <roslaunch.nodeprocess.LocalProcess object at 0x7fbf8bd428b0>]
[roslaunch.pmon][INFO] 2026-03-11 11:52:50,939: ProcessMonitor exit: killing qualisys-2
[roslaunch][INFO] 2026-03-11 11:52:50,939: [qualisys-2] killing on exit
[roslaunch][INFO] 2026-03-11 11:52:50,939: process[qualisys-2]: killing os process with pid[531] pgid[531]
[roslaunch][INFO] 2026-03-11 11:52:50,939: [qualisys-2] sending SIGINT to pgid [531]
[roslaunch][INFO] 2026-03-11 11:52:50,939: [qualisys-2] sent SIGINT to pgid [531]
[roslaunch][INFO] 2026-03-11 11:52:51,040: process[qualisys-2]: SIGINT killed with return value -2
[roslaunch.pmon][INFO] 2026-03-11 11:52:51,040: ProcessMonitor exit: killing rosout-1
[roslaunch][INFO] 2026-03-11 11:52:51,040: [rosout-1] killing on exit
[roslaunch][INFO] 2026-03-11 11:52:51,040: process[rosout-1]: killing os process with pid[528] pgid[528]
[roslaunch][INFO] 2026-03-11 11:52:51,040: [rosout-1] sending SIGINT to pgid [528]
[roslaunch][INFO] 2026-03-11 11:52:51,040: [rosout-1] sent SIGINT to pgid [528]
[roslaunch][INFO] 2026-03-11 11:52:51,141: process[rosout-1]: SIGINT killed with return value 0
[roslaunch.pmon][INFO] 2026-03-11 11:52:51,141: ProcessMonitor exit: killing master
[roslaunch][INFO] 2026-03-11 11:52:51,141: [master] killing on exit
[roslaunch][INFO] 2026-03-11 11:52:51,141: process[master]: killing os process with pid[497] pgid[497]
[roslaunch][INFO] 2026-03-11 11:52:51,141: [master] sending SIGINT to pgid [497]
[roslaunch][INFO] 2026-03-11 11:52:51,141: [master] sent SIGINT to pgid [497]
[roslaunch][INFO] 2026-03-11 11:52:51,341: process[master]: SIGINT killed with return value 0
[roslaunch.pmon][INFO] 2026-03-11 11:52:51,341: ProcessMonitor exit: cleaning up data structures and signals
[roslaunch.pmon][INFO] 2026-03-11 11:52:51,341: ProcessMonitor exit: pmon has shutdown
[roslaunch][INFO] 2026-03-11 11:52:51,342: process monitor is done spinning, initiating full shutdown
[roslaunch][INFO] 2026-03-11 11:52:51,342: runner.stop()
[roslaunch][INFO] 2026-03-11 11:52:51,342: shutting down processing monitor...
[roslaunch][INFO] 2026-03-11 11:52:51,342: shutting down processing monitor <ProcessMonitor(ProcessMonitor-1, stopped daemon 140460325963520)>
[roslaunch.pmon][INFO] 2026-03-11 11:52:51,342: ProcessMonitor.shutdown <ProcessMonitor(ProcessMonitor-1, stopped daemon 140460325963520)>
[roslaunch][INFO] 2026-03-11 11:52:51,342: ... shutting down processing monitor complete
[roslaunch][INFO] 2026-03-11 11:52:51,342: done
[roslaunch.pmon][INFO] 2026-03-11 11:52:51,342: ProcessMonitor.shutdown <ProcessMonitor(ProcessMonitor-1, stopped daemon 140460325963520)>
[rospy.core][INFO] 2026-03-11 11:52:51,342: signal_shutdown [atexit]
