[rosmaster.main][INFO] 2026-03-11 11:44:29,898: initialization complete, waiting for shutdown
[rosmaster.main][INFO] 2026-03-11 11:44:29,898: Starting ROS Master Node
[xmlrpc][INFO] 2026-03-11 11:44:29,910: XML-RPC server binding to 0.0.0.0:11311
[xmlrpc][INFO] 2026-03-11 11:44:29,910: Started XML-RPC server [http://dfd1434c44f2:11311/]
[rosmaster.master][INFO] 2026-03-11 11:44:29,910: Master initialized: port[11311], uri[http://dfd1434c44f2:11311/]
[xmlrpc][INFO] 2026-03-11 11:44:29,910: xml rpc node: starting XML-RPC server
[rosmaster.master][INFO] 2026-03-11 11:44:29,956: +PARAM [/run_id] by /roslaunch
[rosmaster.master][INFO] 2026-03-11 11:44:29,957: +PARAM [/roslaunch/uris/host_dfd1434c44f2__41413] by /roslaunch
[rosmaster.master][INFO] 2026-03-11 11:44:29,980: +PARAM [/rosversion] by /roslaunch
[rosmaster.master][INFO] 2026-03-11 11:44:29,980: +PARAM [/rosdistro] by /roslaunch
[rosmaster.master][INFO] 2026-03-11 11:44:29,980: +PARAM [/qualisys/server_address] by /roslaunch
[rosmaster.master][INFO] 2026-03-11 11:44:29,980: +PARAM [/qualisys/server_base_port] by /roslaunch
[rosmaster.master][INFO] 2026-03-11 11:44:29,986: +SERVICE [/rosout/get_loggers] /rosout http://dfd1434c44f2:36391/
[rosmaster.master][INFO] 2026-03-11 11:44:29,986: +SERVICE [/rosout/set_logger_level] /rosout http://dfd1434c44f2:36391/
[rosmaster.master][INFO] 2026-03-11 11:44:29,987: +PUB [/rosout_agg] /rosout http://dfd1434c44f2:36391/
[rosmaster.master][INFO] 2026-03-11 11:44:29,988: +SUB [/rosout] /rosout http://dfd1434c44f2:36391/
[rosmaster.master][INFO] 2026-03-11 11:44:29,991: +PUB [/rosout] /qualisys http://dfd1434c44f2:45507/
[rosmaster.master][INFO] 2026-03-11 11:44:29,992: +SERVICE [/qualisys/get_loggers] /qualisys http://dfd1434c44f2:45507/
[rosmaster.master][INFO] 2026-03-11 11:44:29,992: +SERVICE [/qualisys/set_logger_level] /qualisys http://dfd1434c44f2:45507/
[rosmaster.master][INFO] 2026-03-11 11:44:29,993: +PUB [/tf] /qualisys http://dfd1434c44f2:45507/
[rosmaster.master][INFO] 2026-03-11 11:44:29,995: +CACHEDPARAM [/rosout_disable_topics_generation] by /qualisys
[rosmaster.master][INFO] 2026-03-11 11:44:29,998: publisherUpdate[/rosout] -> http://dfd1434c44f2:36391/ ['http://dfd1434c44f2:45507/']
[rosmaster.master][INFO] 2026-03-11 11:44:30,001: publisherUpdate[/rosout] -> http://dfd1434c44f2:36391/ ['http://dfd1434c44f2:45507/']: sec=0.00, result=[1, '', 0]
[rosmaster.master][INFO] 2026-03-11 11:44:31,103: -PUB [/rosout_agg] /rosout http://dfd1434c44f2:36391/
[rosmaster.master][INFO] 2026-03-11 11:44:31,104: -SUB [/rosout] /rosout http://dfd1434c44f2:36391/
[rosmaster.master][INFO] 2026-03-11 11:44:31,104: -SERVICE [/rosout/get_loggers] /rosout rosrpc://dfd1434c44f2:60597
[rosmaster.master][INFO] 2026-03-11 11:44:31,104: -SERVICE [/rosout/set_logger_level] /rosout rosrpc://dfd1434c44f2:60597
[rosmaster.main][INFO] 2026-03-11 11:44:31,138: keyboard interrupt, will exit
[rosmaster.main][INFO] 2026-03-11 11:44:31,138: stopping master...
[rospy.core][INFO] 2026-03-11 11:44:31,138: signal_shutdown [atexit]
