[roslaunch][INFO] 2026-03-11 11:44:29,651: Checking log directory for disk usage. This may take a while.
Press Ctrl-C to interrupt
[roslaunch][INFO] 2026-03-11 11:44:29,653: Done checking log file disk usage. Usage is <1GB.
[roslaunch][INFO] 2026-03-11 11:44:29,653: roslaunch starting with args ['/opt/ros/noetic/bin/roslaunch', 'ros-qualisys', 'qualisys_bauzil_bringup.launch']
[roslaunch][INFO] 2026-03-11 11:44:29,653: roslaunch env is environ({'ROS_VERSION': '1', 'PKG_CONFIG_PATH': '/opt/ros/noetic/lib/pkgconfig:/root/code/tank-setup/bluerov2_pid/ros_qualysis/install/ros-qualisys/lib/x86_64-linux-gnu/pkgconfig:/root/code/tank-setup/bluerov2_pid/ros_qualysis/install/ros-qualisys/lib/pkgconfig', 'ROS_PYTHON_VERSION': '3', 'HOSTNAME': 'dfd1434c44f2', 'ROS_PACKAGE_PATH': '/root/code/tank-setup/bluerov2_pid/ros_qualysis/install/ros-qualisys/share:/opt/ros/noetic/share', 'ROSLISP_PACKAGE_DIRECTORIES': '', 'PWD': '/root/code/tank-setup/bluerov2_pid/ros_qualysis', 'HOME': '/root', 'LANG': 'C.UTF-8', 'ROS_ETC_DIR': '/opt/ros/noetic/etc/ros', 'CMAKE_PREFIX_PATH': '/root/code/tank-setup/bluerov2_pid/ros_qualysis/install/ros-qualisys:/opt/ros/noetic', 'COLCON_PREFIX_PATH': '/root/code/tank-setup/bluerov2_pid/ros_qualysis/install', 'PYTHONPATH': '/opt/ros/noetic/lib/python3/dist-packages', 'TERM': 'xterm', 'DISPLAY': ':1', 'SHLVL': '1', 'ROS_MASTER_URI': 'http://localhost:11311', 'LD_LIBRARY_PATH': '/opt/openrobots/lib:/opt/openrobots/lib:/opt/ros/noetic/lib:/root/code/tank-setup/bluerov2_pid/ros_qualysis/install/ros-qualisys/lib', 'LC_ALL': 'C.UTF-8', 'PATH': '/opt/ros/noetic/bin:/usr/local/sbin:/usr/local/bin:/usr/sbin:/usr/bin:/sbin:/bin', 'ROS_ROOT': '/opt/ros/noetic/share/ros', 'ROS_DISTRO': 'noetic', 'QT_X11_NO_MITSHM': '1', 'OLDPWD': '/root/code/tank-setup/bluerov2_pid', '_': '/opt/ros/noetic/bin/roslaunch', 'ROS_LOG_FILENAME': '/root/.ros/log/a9ed0014-1d3f-11f1-9cdc-c2a61bb517dc/roslaunch-dfd1434c44f2-519.log'})
[roslaunch][INFO] 2026-03-11 11:44:29,653: starting in server mode
[roslaunch.parent][INFO] 2026-03-11 11:44:29,653: starting roslaunch parent run
[roslaunch][INFO] 2026-03-11 11:44:29,653: loading roscore config file /opt/ros/noetic/etc/ros/roscore.xml
[roslaunch][INFO] 2026-03-11 11:44:29,731: Added core node of type [rosout/rosout] in namespace [/]
[roslaunch.config][INFO] 2026-03-11 11:44:29,731: loading config file /root/code/tank-setup/bluerov2_pid/ros_qualysis/install/ros-qualisys/share/ros-qualisys/launch/qualisys_bauzil_bringup.launch
[roslaunch][INFO] 2026-03-11 11:44:29,732: Added node of type [ros-qualisys/ros-qualisys] in namespace [/]
[roslaunch][INFO] 2026-03-11 11:44:29,732: ... selected machine [] for node of type [ros-qualisys/ros-qualisys]
[roslaunch.pmon][INFO] 2026-03-11 11:44:29,733: start_process_monitor: creating ProcessMonitor
[roslaunch.pmon][INFO] 2026-03-11 11:44:29,733: created process monitor <ProcessMonitor(ProcessMonitor-1, initial daemon)>
[roslaunch.pmon][INFO] 2026-03-11 11:44:29,733: start_process_monitor: ProcessMonitor started
[roslaunch.parent][INFO] 2026-03-11 11:44:29,734: starting parent XML-RPC server
[roslaunch.server][INFO] 2026-03-11 11:44:29,734: starting roslaunch XML-RPC server
[roslaunch.server][INFO] 2026-03-11 11:44:29,734: waiting for roslaunch XML-RPC server to initialize
[xmlrpc][INFO] 2026-03-11 11:44:29,734: XML-RPC server binding to 0.0.0.0:0
[xmlrpc][INFO] 2026-03-11 11:44:29,734: Started XML-RPC server [http://dfd1434c44f2:41413/]
[xmlrpc][INFO] 2026-03-11 11:44:29,734: xml rpc node: starting XML-RPC server
[roslaunch][INFO] 2026-03-11 11:44:29,745: started roslaunch server http://dfd1434c44f2:41413/
[roslaunch.parent][INFO] 2026-03-11 11:44:29,746: ... parent XML-RPC server started
[roslaunch][INFO] 2026-03-11 11:44:29,746: master.is_running[http://localhost:11311]
[roslaunch][INFO] 2026-03-11 11:44:29,746: auto-starting new master
[roslaunch][INFO] 2026-03-11 11:44:29,747: create_master_process: rosmaster, /opt/ros/noetic/share/ros, 11311, 3, None, False
[roslaunch][INFO] 2026-03-11 11:44:29,747: process[master]: launching with args [['rosmaster', '--core', '-p', '11311', '-w', '3']]
[roslaunch.pmon][INFO] 2026-03-11 11:44:29,747: ProcessMonitor.register[master]
[roslaunch.pmon][INFO] 2026-03-11 11:44:29,747: ProcessMonitor.register[master] complete
[roslaunch][INFO] 2026-03-11 11:44:29,747: process[master]: starting os process
[roslaunch][INFO] 2026-03-11 11:44:29,747: process[master]: start w/ args [['rosmaster', '--core', '-p', '11311', '-w', '3', '__log:=/root/.ros/log/a9ed0014-1d3f-11f1-9cdc-c2a61bb517dc/master.log']]
[roslaunch][INFO] 2026-03-11 11:44:29,747: process[master]: cwd will be [/root/.ros]
[roslaunch][INFO] 2026-03-11 11:44:29,750: process[master]: started with pid [548]
[roslaunch][INFO] 2026-03-11 11:44:29,750: master.is_running[http://localhost:11311]
[roslaunch][INFO] 2026-03-11 11:44:29,850: master.is_running[http://localhost:11311]
[roslaunch][INFO] 2026-03-11 11:44:29,951: master.is_running[http://localhost:11311]
[roslaunch][INFO] 2026-03-11 11:44:29,953: master.is_running[http://localhost:11311]
[roslaunch][INFO] 2026-03-11 11:44:29,954: ROS_MASTER_URI=http://localhost:11311
[roslaunch][INFO] 2026-03-11 11:44:29,956: setting /run_id to a9ed0014-1d3f-11f1-9cdc-c2a61bb517dc
[roslaunch][INFO] 2026-03-11 11:44:29,957: setting /roslaunch/uris/host_dfd1434c44f2__41413' to http://dfd1434c44f2:41413/
[roslaunch][INFO] 2026-03-11 11:44:29,959: ... preparing to launch node of type [rosout/rosout]
[roslaunch][INFO] 2026-03-11 11:44:29,959: create_node_process: package[rosout] type[rosout] machine[Machine(name[] env_loader[None] address[localhost] ssh_port[22] user[None] assignable[True] timeout[10.0])] master_uri[http://localhost:11311]
[roslaunch][INFO] 2026-03-11 11:44:29,959: process[rosout-1]: env[{'ROS_VERSION': '1', 'PKG_CONFIG_PATH': '/opt/ros/noetic/lib/pkgconfig:/root/code/tank-setup/bluerov2_pid/ros_qualysis/install/ros-qualisys/lib/x86_64-linux-gnu/pkgconfig:/root/code/tank-setup/bluerov2_pid/ros_qualysis/install/ros-qualisys/lib/pkgconfig', 'ROS_PYTHON_VERSION': '3', 'HOSTNAME': 'dfd1434c44f2', 'ROS_PACKAGE_PATH': '/root/code/tank-setup/bluerov2_pid/ros_qualysis/install/ros-qualisys/share:/opt/ros/noetic/share', 'ROSLISP_PACKAGE_DIRECTORIES': '', 'PWD': '/root/code/tank-setup/bluerov2_pid/ros_qualysis', 'HOME': '/root', 'LANG': 'C.UTF-8', 'ROS_ETC_DIR': '/opt/ros/noetic/etc/ros', 'CMAKE_PREFIX_PATH': '/root/code/tank-setup/bluerov2_pid/ros_qualysis/install/ros-qualisys:/opt/ros/noetic', 'COLCON_PREFIX_PATH': '/root/code/tank-setup/bluerov2_pid/ros_qualysis/install', 'PYTHONPATH': '/opt/ros/noetic/lib/python3/dist-packages', 'TERM': 'xterm', 'DISPLAY': ':1', 'SHLVL': '1', 'ROS_MASTER_URI': 'http://localhost:11311', 'LD_LIBRARY_PATH': '/opt/openrobots/lib:/opt/openrobots/lib:/opt/ros/noetic/lib:/root/code/tank-setup/bluerov2_pid/ros_qualysis/install/ros-qualisys/lib', 'LC_ALL': 'C.UTF-8', 'PATH': '/opt/ros/noetic/bin:/usr/local/sbin:/usr/local/bin:/usr/sbin:/usr/bin:/sbin:/bin', 'ROS_ROOT': '/opt/ros/noetic/share/ros', 'ROS_DISTRO': 'noetic', 'QT_X11_NO_MITSHM': '1', 'OLDPWD': '/root/code/tank-setup/bluerov2_pid', '_': '/opt/ros/noetic/bin/roslaunch', 'ROS_LOG_FILENAME': '/root/.ros/log/a9ed0014-1d3f-11f1-9cdc-c2a61bb517dc/roslaunch-dfd1434c44f2-519.log'}]
[roslaunch][INFO] 2026-03-11 11:44:29,975: process[rosout-1]: args[['/opt/ros/noetic/lib/rosout/rosout', '__name:=rosout']]
[roslaunch][INFO] 2026-03-11 11:44:29,975: ... created process [rosout-1]
[roslaunch.pmon][INFO] 2026-03-11 11:44:29,975: ProcessMonitor.register[rosout-1]
[roslaunch.pmon][INFO] 2026-03-11 11:44:29,975: ProcessMonitor.register[rosout-1] complete
[roslaunch][INFO] 2026-03-11 11:44:29,975: ... registered process [rosout-1]
[roslaunch][INFO] 2026-03-11 11:44:29,975: process[rosout-1]: starting os process
[roslaunch][INFO] 2026-03-11 11:44:29,975: process[rosout-1]: start w/ args [['/opt/ros/noetic/lib/rosout/rosout', '__name:=rosout', '__log:=/root/.ros/log/a9ed0014-1d3f-11f1-9cdc-c2a61bb517dc/rosout-1.log']]
[roslaunch][INFO] 2026-03-11 11:44:29,975: process[rosout-1]: cwd will be [/root/.ros]
[roslaunch][INFO] 2026-03-11 11:44:29,978: process[rosout-1]: started with pid [579]
[roslaunch][INFO] 2026-03-11 11:44:29,978: ... successfully launched [rosout-1]
[roslaunch][INFO] 2026-03-11 11:44:29,978: load_parameters starting ...
[roslaunch][INFO] 2026-03-11 11:44:29,981: ... load_parameters complete
[roslaunch][INFO] 2026-03-11 11:44:29,981: launch_nodes: launching local nodes ...
[roslaunch][INFO] 2026-03-11 11:44:29,981: ... preparing to launch node of type [ros-qualisys/ros-qualisys]
[roslaunch][INFO] 2026-03-11 11:44:29,981: create_node_process: package[ros-qualisys] type[ros-qualisys] machine[Machine(name[] env_loader[None] address[localhost] ssh_port[22] user[None] assignable[True] timeout[10.0])] master_uri[http://localhost:11311]
[roslaunch][INFO] 2026-03-11 11:44:29,981: process[qualisys-2]: env[{'ROS_VERSION': '1', 'PKG_CONFIG_PATH': '/opt/ros/noetic/lib/pkgconfig:/root/code/tank-setup/bluerov2_pid/ros_qualysis/install/ros-qualisys/lib/x86_64-linux-gnu/pkgconfig:/root/code/tank-setup/bluerov2_pid/ros_qualysis/install/ros-qualisys/lib/pkgconfig', 'ROS_PYTHON_VERSION': '3', 'HOSTNAME': 'dfd1434c44f2', 'ROS_PACKAGE_PATH': '/root/code/tank-setup/bluerov2_pid/ros_qualysis/install/ros-qualisys/share:/opt/ros/noetic/share', 'ROSLISP_PACKAGE_DIRECTORIES': '', 'PWD': '/root/code/tank-setup/bluerov2_pid/ros_qualysis', 'HOME': '/root', 'LANG': 'C.UTF-8', 'ROS_ETC_DIR': '/opt/ros/noetic/etc/ros', 'CMAKE_PREFIX_PATH': '/root/code/tank-setup/bluerov2_pid/ros_qualysis/install/ros-qualisys:/opt/ros/noetic', 'COLCON_PREFIX_PATH': '/root/code/tank-setup/bluerov2_pid/ros_qualysis/install', 'PYTHONPATH': '/opt/ros/noetic/lib/python3/dist-packages', 'TERM': 'xterm', 'DISPLAY': ':1', 'SHLVL': '1', 'ROS_MASTER_URI': 'http://localhost:11311', 'LD_LIBRARY_PATH': '/opt/openrobots/lib:/opt/openrobots/lib:/opt/ros/noetic/lib:/root/code/tank-setup/bluerov2_pid/ros_qualysis/install/ros-qualisys/lib', 'LC_ALL': 'C.UTF-8', 'PATH': '/opt/ros/noetic/bin:/usr/local/sbin:/usr/local/bin:/usr/sbin:/usr/bin:/sbin:/bin', 'ROS_ROOT': '/opt/ros/noetic/share/ros', 'ROS_DISTRO': 'noetic', 'QT_X11_NO_MITSHM': '1', 'OLDPWD': '/root/code/tank-setup/bluerov2_pid', '_': '/opt/ros/noetic/bin/roslaunch', 'ROS_LOG_FILENAME': '/root/.ros/log/a9ed0014-1d3f-11f1-9cdc-c2a61bb517dc/roslaunch-dfd1434c44f2-519.log'}]
[roslaunch][INFO] 2026-03-11 11:44:29,981: process[qualisys-2]: args[['/root/code/tank-setup/bluerov2_pid/ros_qualysis/install/ros-qualisys/lib/ros-qualisys/ros-qualisys', '__name:=qualisys']]
[roslaunch][INFO] 2026-03-11 11:44:29,981: ... created process [qualisys-2]
[roslaunch.pmon][INFO] 2026-03-11 11:44:29,981: ProcessMonitor.register[qualisys-2]
[roslaunch.pmon][INFO] 2026-03-11 11:44:29,981: ProcessMonitor.register[qualisys-2] complete
[roslaunch][INFO] 2026-03-11 11:44:29,981: ... registered process [qualisys-2]
[roslaunch][INFO] 2026-03-11 11:44:29,981: process[qualisys-2]: starting os process
[roslaunch][INFO] 2026-03-11 11:44:29,981: process[qualisys-2]: start w/ args [['/root/code/tank-setup/bluerov2_pid/ros_qualysis/install/ros-qualisys/lib/ros-qualisys/ros-qualisys', '__name:=qualisys', '__log:=/root/.ros/log/a9ed0014-1d3f-11f1-9cdc-c2a61bb517dc/qualisys-2.log']]
[roslaunch][INFO] 2026-03-11 11:44:29,981: process[qualisys-2]: cwd will be [/root/.ros]
[roslaunch][INFO] 2026-03-11 11:44:29,984: process[qualisys-2]: started with pid [582]
[roslaunch][INFO] 2026-03-11 11:44:29,984: ... successfully launched [qualisys-2]
[roslaunch][INFO] 2026-03-11 11:44:29,984: ... launch_nodes complete
[roslaunch.pmon][INFO] 2026-03-11 11:44:29,984: registrations completed <ProcessMonitor(ProcessMonitor-1, started daemon 139644278818560)>
[roslaunch.parent][INFO] 2026-03-11 11:44:29,984: ... roslaunch parent running, waiting for process exit
[roslaunch][INFO] 2026-03-11 11:44:29,984: spin
[roslaunch.pmon][INFO] 2026-03-11 11:44:30,873: ProcessMonitor.shutdown <ProcessMonitor(ProcessMonitor-1, started daemon 139644278818560)>
[roslaunch.pmon][INFO] 2026-03-11 11:44:30,936: ProcessMonitor._post_run <ProcessMonitor(ProcessMonitor-1, started daemon 139644278818560)>
[roslaunch.pmon][INFO] 2026-03-11 11:44:30,936: ProcessMonitor._post_run <ProcessMonitor(ProcessMonitor-1, started daemon 139644278818560)>: remaining procs are [<roslaunch.nodeprocess.LocalProcess object at 0x7f0189a0f880>, <roslaunch.nodeprocess.LocalProcess object at 0x7f0189a0f640>, <roslaunch.nodeprocess.LocalProcess object at 0x7f0189a0f970>]
[roslaunch.pmon][INFO] 2026-03-11 11:44:30,936: ProcessMonitor exit: killing qualisys-2
[roslaunch][INFO] 2026-03-11 11:44:30,936: [qualisys-2] killing on exit
[roslaunch][INFO] 2026-03-11 11:44:30,937: process[qualisys-2]: killing os process with pid[582] pgid[582]
[roslaunch][INFO] 2026-03-11 11:44:30,937: [qualisys-2] sending SIGINT to pgid [582]
[roslaunch][INFO] 2026-03-11 11:44:30,937: [qualisys-2] sent SIGINT to pgid [582]
[roslaunch][INFO] 2026-03-11 11:44:31,037: process[qualisys-2]: SIGINT killed with return value -2
[roslaunch.pmon][INFO] 2026-03-11 11:44:31,037: ProcessMonitor exit: killing rosout-1
[roslaunch][INFO] 2026-03-11 11:44:31,037: [rosout-1] killing on exit
[roslaunch][INFO] 2026-03-11 11:44:31,037: process[rosout-1]: killing os process with pid[579] pgid[579]
[roslaunch][INFO] 2026-03-11 11:44:31,037: [rosout-1] sending SIGINT to pgid [579]
[roslaunch][INFO] 2026-03-11 11:44:31,037: [rosout-1] sent SIGINT to pgid [579]
[roslaunch][INFO] 2026-03-11 11:44:31,138: process[rosout-1]: SIGINT killed with return value 0
[roslaunch.pmon][INFO] 2026-03-11 11:44:31,138: ProcessMonitor exit: killing master
[roslaunch][INFO] 2026-03-11 11:44:31,138: [master] killing on exit
[roslaunch][INFO] 2026-03-11 11:44:31,138: process[master]: killing os process with pid[548] pgid[548]
[roslaunch][INFO] 2026-03-11 11:44:31,138: [master] sending SIGINT to pgid [548]
[roslaunch][INFO] 2026-03-11 11:44:31,138: [master] sent SIGINT to pgid [548]
[roslaunch][INFO] 2026-03-11 11:44:31,338: process[master]: SIGINT killed with return value 0
[roslaunch.pmon][INFO] 2026-03-11 11:44:31,338: ProcessMonitor exit: cleaning up data structures and signals
[roslaunch.pmon][INFO] 2026-03-11 11:44:31,339: ProcessMonitor exit: pmon has shutdown
[roslaunch][INFO] 2026-03-11 11:44:31,339: process monitor is done spinning, initiating full shutdown
[roslaunch][INFO] 2026-03-11 11:44:31,339: runner.stop()
[roslaunch][INFO] 2026-03-11 11:44:31,339: shutting down processing monitor...
[roslaunch][INFO] 2026-03-11 11:44:31,339: shutting down processing monitor <ProcessMonitor(ProcessMonitor-1, stopped daemon 139644278818560)>
[roslaunch.pmon][INFO] 2026-03-11 11:44:31,339: ProcessMonitor.shutdown <ProcessMonitor(ProcessMonitor-1, stopped daemon 139644278818560)>
[roslaunch][INFO] 2026-03-11 11:44:31,339: ... shutting down processing monitor complete
[roslaunch][INFO] 2026-03-11 11:44:31,339: done
[roslaunch.pmon][INFO] 2026-03-11 11:44:31,339: ProcessMonitor.shutdown <ProcessMonitor(ProcessMonitor-1, stopped daemon 139644278818560)>
[rospy.core][INFO] 2026-03-11 11:44:31,339: signal_shutdown [atexit]
