[rosmaster.main][INFO] 2026-03-11 11:42:10,729: initialization complete, waiting for shutdown
[rosmaster.main][INFO] 2026-03-11 11:42:10,729: Starting ROS Master Node
[xmlrpc][INFO] 2026-03-11 11:42:10,739: XML-RPC server binding to 0.0.0.0:11311
[xmlrpc][INFO] 2026-03-11 11:42:10,739: Started XML-RPC server [http://dfd1434c44f2:11311/]
[rosmaster.master][INFO] 2026-03-11 11:42:10,739: Master initialized: port[11311], uri[http://dfd1434c44f2:11311/]
[xmlrpc][INFO] 2026-03-11 11:42:10,740: xml rpc node: starting XML-RPC server
[rosmaster.master][INFO] 2026-03-11 11:42:10,796: +PARAM [/run_id] by /roslaunch
[rosmaster.master][INFO] 2026-03-11 11:42:10,796: +PARAM [/roslaunch/uris/host_dfd1434c44f2__37433] by /roslaunch
[rosmaster.master][INFO] 2026-03-11 11:42:10,821: +PARAM [/rosversion] by /roslaunch
[rosmaster.master][INFO] 2026-03-11 11:42:10,821: +PARAM [/rosdistro] by /roslaunch
[rosmaster.master][INFO] 2026-03-11 11:42:10,821: +PARAM [/qualisys/server_address] by /roslaunch
[rosmaster.master][INFO] 2026-03-11 11:42:10,821: +PARAM [/qualisys/server_base_port] by /roslaunch
[rosmaster.master][INFO] 2026-03-11 11:42:10,823: +SERVICE [/rosout/get_loggers] /rosout http://dfd1434c44f2:45999/
[rosmaster.master][INFO] 2026-03-11 11:42:10,824: +SERVICE [/rosout/set_logger_level] /rosout http://dfd1434c44f2:45999/
[rosmaster.master][INFO] 2026-03-11 11:42:10,824: +PUB [/rosout_agg] /rosout http://dfd1434c44f2:45999/
[rosmaster.master][INFO] 2026-03-11 11:42:10,826: +SUB [/rosout] /rosout http://dfd1434c44f2:45999/
[rosmaster.master][INFO] 2026-03-11 11:42:10,834: +PUB [/rosout] /qualisys http://dfd1434c44f2:39713/
[rosmaster.master][INFO] 2026-03-11 11:42:10,834: publisherUpdate[/rosout] -> http://dfd1434c44f2:45999/ ['http://dfd1434c44f2:39713/']
[rosmaster.master][INFO] 2026-03-11 11:42:10,834: +SERVICE [/qualisys/get_loggers] /qualisys http://dfd1434c44f2:39713/
[rosmaster.master][INFO] 2026-03-11 11:42:10,835: +SERVICE [/qualisys/set_logger_level] /qualisys http://dfd1434c44f2:39713/
[rosmaster.master][INFO] 2026-03-11 11:42:10,836: +PUB [/tf] /qualisys http://dfd1434c44f2:39713/
[rosmaster.master][INFO] 2026-03-11 11:42:10,839: publisherUpdate[/rosout] -> http://dfd1434c44f2:45999/ ['http://dfd1434c44f2:39713/']: sec=0.01, result=[1, '', 0]
[rosmaster.master][INFO] 2026-03-11 11:42:10,840: +CACHEDPARAM [/rosout_disable_topics_generation] by /qualisys
[rosmaster.master][INFO] 2026-03-11 11:42:12,743: -PUB [/rosout_agg] /rosout http://dfd1434c44f2:45999/
[rosmaster.master][INFO] 2026-03-11 11:42:12,743: -SUB [/rosout] /rosout http://dfd1434c44f2:45999/
[rosmaster.master][INFO] 2026-03-11 11:42:12,744: -SERVICE [/rosout/get_loggers] /rosout rosrpc://dfd1434c44f2:34951
[rosmaster.master][INFO] 2026-03-11 11:42:12,745: -SERVICE [/rosout/set_logger_level] /rosout rosrpc://dfd1434c44f2:34951
[rosmaster.main][INFO] 2026-03-11 11:42:12,779: keyboard interrupt, will exit
[rosmaster.main][INFO] 2026-03-11 11:42:12,779: stopping master...
[rospy.core][INFO] 2026-03-11 11:42:12,780: signal_shutdown [atexit]
