[rosmaster.main][INFO] 2026-03-11 11:44:39,140: initialization complete, waiting for shutdown
[rosmaster.main][INFO] 2026-03-11 11:44:39,140: Starting ROS Master Node
[xmlrpc][INFO] 2026-03-11 11:44:39,145: XML-RPC server binding to 0.0.0.0:11311
[xmlrpc][INFO] 2026-03-11 11:44:39,145: Started XML-RPC server [http://dfd1434c44f2:11311/]
[rosmaster.master][INFO] 2026-03-11 11:44:39,145: Master initialized: port[11311], uri[http://dfd1434c44f2:11311/]
[xmlrpc][INFO] 2026-03-11 11:44:39,145: xml rpc node: starting XML-RPC server
[rosmaster.master][INFO] 2026-03-11 11:44:39,207: +PARAM [/run_id] by /roslaunch
[rosmaster.master][INFO] 2026-03-11 11:44:39,208: +PARAM [/roslaunch/uris/host_dfd1434c44f2__38897] by /roslaunch
[rosmaster.master][INFO] 2026-03-11 11:44:39,232: +PARAM [/rosversion] by /roslaunch
[rosmaster.master][INFO] 2026-03-11 11:44:39,232: +PARAM [/rosdistro] by /roslaunch
[rosmaster.master][INFO] 2026-03-11 11:44:39,232: +PARAM [/qualisys/server_address] by /roslaunch
[rosmaster.master][INFO] 2026-03-11 11:44:39,232: +PARAM [/qualisys/server_base_port] by /roslaunch
[rosmaster.master][INFO] 2026-03-11 11:44:39,238: +SERVICE [/rosout/get_loggers] /rosout http://dfd1434c44f2:35899/
[rosmaster.master][INFO] 2026-03-11 11:44:39,239: +SERVICE [/rosout/set_logger_level] /rosout http://dfd1434c44f2:35899/
[rosmaster.master][INFO] 2026-03-11 11:44:39,239: +PUB [/rosout_agg] /rosout http://dfd1434c44f2:35899/
[rosmaster.master][INFO] 2026-03-11 11:44:39,241: +SUB [/rosout] /rosout http://dfd1434c44f2:35899/
[rosmaster.master][INFO] 2026-03-11 11:44:39,243: +PUB [/rosout] /qualisys http://dfd1434c44f2:41991/
[rosmaster.master][INFO] 2026-03-11 11:44:39,244: +SERVICE [/qualisys/get_loggers] /qualisys http://dfd1434c44f2:41991/
[rosmaster.master][INFO] 2026-03-11 11:44:39,244: +SERVICE [/qualisys/set_logger_level] /qualisys http://dfd1434c44f2:41991/
[rosmaster.master][INFO] 2026-03-11 11:44:39,245: publisherUpdate[/rosout] -> http://dfd1434c44f2:35899/ ['http://dfd1434c44f2:41991/']
[rosmaster.master][INFO] 2026-03-11 11:44:39,245: +PUB [/tf] /qualisys http://dfd1434c44f2:41991/
[rosmaster.master][INFO] 2026-03-11 11:44:39,249: +CACHEDPARAM [/rosout_disable_topics_generation] by /qualisys
[rosmaster.master][INFO] 2026-03-11 11:44:39,251: publisherUpdate[/rosout] -> http://dfd1434c44f2:35899/ ['http://dfd1434c44f2:41991/']: sec=0.01, result=[1, '', 0]
[rosmaster.master][INFO] 2026-03-11 11:44:40,553: -PUB [/rosout_agg] /rosout http://dfd1434c44f2:35899/
[rosmaster.master][INFO] 2026-03-11 11:44:40,554: -SUB [/rosout] /rosout http://dfd1434c44f2:35899/
[rosmaster.master][INFO] 2026-03-11 11:44:40,554: -SERVICE [/rosout/get_loggers] /rosout rosrpc://dfd1434c44f2:48853
[rosmaster.master][INFO] 2026-03-11 11:44:40,555: -SERVICE [/rosout/set_logger_level] /rosout rosrpc://dfd1434c44f2:48853
[rosmaster.main][INFO] 2026-03-11 11:44:40,590: keyboard interrupt, will exit
[rosmaster.main][INFO] 2026-03-11 11:44:40,590: stopping master...
[rospy.core][INFO] 2026-03-11 11:44:40,590: signal_shutdown [atexit]
