[roslaunch][INFO] 2026-03-11 11:50:36,863: Checking log directory for disk usage. This may take a while.
Press Ctrl-C to interrupt
[roslaunch][INFO] 2026-03-11 11:50:36,865: Done checking log file disk usage. Usage is <1GB.
[roslaunch][INFO] 2026-03-11 11:50:36,865: roslaunch starting with args ['/opt/ros/noetic/bin/roslaunch', '/root/code/tank-setup/bluerov2_pid/ros_qualysis/src/launch/qualisys_bauzil_bringup.launch']
[roslaunch][INFO] 2026-03-11 11:50:36,866: roslaunch env is environ({'ROS_VERSION': '1', 'PKG_CONFIG_PATH': '/opt/ros/noetic/lib/pkgconfig', 'ROS_PYTHON_VERSION': '3', 'HOSTNAME': 'dfd1434c44f2', 'ROS_PACKAGE_PATH': '/opt/ros/noetic/share', 'ROSLISP_PACKAGE_DIRECTORIES': '', 'PWD': '/root/code/tank-setup/bluerov2_pid/ros_qualysis/src/launch', 'HOME': '/root', 'LANG': 'C.UTF-8', 'ROS_ETC_DIR': '/opt/ros/noetic/etc/ros', 'CMAKE_PREFIX_PATH': '/opt/ros/noetic', 'PYTHONPATH': '/opt/ros/noetic/lib/python3/dist-packages', 'TERM': 'xterm', 'DISPLAY': ':1', 'SHLVL': '1', 'ROS_MASTER_URI': 'http://localhost:11311', 'LD_LIBRARY_PATH': '/opt/ros/noetic/lib', 'LC_ALL': 'C.UTF-8', 'PATH': '/opt/ros/noetic/bin:/usr/local/sbin:/usr/local/bin:/usr/sbin:/usr/bin:/sbin:/bin', 'ROS_ROOT': '/opt/ros/noetic/share/ros', 'ROS_DISTRO': 'noetic', 'QT_X11_NO_MITSHM': '1', 'OLDPWD': '/root/code/tank-setup/bluerov2_pid/ros_qualysis/src', '_': '/opt/ros/noetic/bin/roslaunch', 'ROS_LOG_FILENAME': '/root/.ros/log/84cc9a1e-1d40-11f1-8b18-42c45de47f1a/roslaunch-dfd1434c44f2-95.log'})
[roslaunch][INFO] 2026-03-11 11:50:36,866: starting in server mode
[roslaunch.parent][INFO] 2026-03-11 11:50:36,866: starting roslaunch parent run
[roslaunch][INFO] 2026-03-11 11:50:36,866: loading roscore config file /opt/ros/noetic/etc/ros/roscore.xml
[roslaunch][INFO] 2026-03-11 11:50:36,953: Added core node of type [rosout/rosout] in namespace [/]
[roslaunch.config][INFO] 2026-03-11 11:50:36,954: loading config file /root/code/tank-setup/bluerov2_pid/ros_qualysis/src/launch/qualisys_bauzil_bringup.launch
[roslaunch][INFO] 2026-03-11 11:50:36,954: Added node of type [ros-qualisys/ros-qualisys] in namespace [/]
[roslaunch][INFO] 2026-03-11 11:50:36,955: ... selected machine [] for node of type [ros-qualisys/ros-qualisys]
[roslaunch.pmon][INFO] 2026-03-11 11:50:36,956: start_process_monitor: creating ProcessMonitor
[roslaunch.pmon][INFO] 2026-03-11 11:50:36,956: created process monitor <ProcessMonitor(ProcessMonitor-1, initial daemon)>
[roslaunch.pmon][INFO] 2026-03-11 11:50:36,956: start_process_monitor: ProcessMonitor started
[roslaunch.parent][INFO] 2026-03-11 11:50:36,956: starting parent XML-RPC server
[roslaunch.server][INFO] 2026-03-11 11:50:36,956: starting roslaunch XML-RPC server
[roslaunch.server][INFO] 2026-03-11 11:50:36,957: waiting for roslaunch XML-RPC server to initialize
[xmlrpc][INFO] 2026-03-11 11:50:36,957: XML-RPC server binding to 0.0.0.0:0
[xmlrpc][INFO] 2026-03-11 11:50:36,957: Started XML-RPC server [http://dfd1434c44f2:36615/]
[xmlrpc][INFO] 2026-03-11 11:50:36,957: xml rpc node: starting XML-RPC server
[roslaunch][INFO] 2026-03-11 11:50:36,969: started roslaunch server http://dfd1434c44f2:36615/
[roslaunch.parent][INFO] 2026-03-11 11:50:36,969: ... parent XML-RPC server started
[roslaunch][INFO] 2026-03-11 11:50:36,969: master.is_running[http://localhost:11311]
[roslaunch][INFO] 2026-03-11 11:50:36,970: auto-starting new master
[roslaunch][INFO] 2026-03-11 11:50:36,970: create_master_process: rosmaster, /opt/ros/noetic/share/ros, 11311, 3, None, False
[roslaunch][INFO] 2026-03-11 11:50:36,970: process[master]: launching with args [['rosmaster', '--core', '-p', '11311', '-w', '3']]
[roslaunch.pmon][INFO] 2026-03-11 11:50:36,970: ProcessMonitor.register[master]
[roslaunch.pmon][INFO] 2026-03-11 11:50:36,970: ProcessMonitor.register[master] complete
[roslaunch][INFO] 2026-03-11 11:50:36,970: process[master]: starting os process
[roslaunch][INFO] 2026-03-11 11:50:36,970: process[master]: start w/ args [['rosmaster', '--core', '-p', '11311', '-w', '3', '__log:=/root/.ros/log/84cc9a1e-1d40-11f1-8b18-42c45de47f1a/master.log']]
[roslaunch][INFO] 2026-03-11 11:50:36,970: process[master]: cwd will be [/root/.ros]
[roslaunch][INFO] 2026-03-11 11:50:36,973: process[master]: started with pid [124]
[roslaunch][INFO] 2026-03-11 11:50:36,973: master.is_running[http://localhost:11311]
[roslaunch][INFO] 2026-03-11 11:50:37,074: master.is_running[http://localhost:11311]
[roslaunch][INFO] 2026-03-11 11:50:37,175: master.is_running[http://localhost:11311]
[roslaunch][INFO] 2026-03-11 11:50:37,176: master.is_running[http://localhost:11311]
[roslaunch][INFO] 2026-03-11 11:50:37,177: ROS_MASTER_URI=http://localhost:11311
[roslaunch][INFO] 2026-03-11 11:50:37,179: setting /run_id to 84cc9a1e-1d40-11f1-8b18-42c45de47f1a
[roslaunch][INFO] 2026-03-11 11:50:37,180: setting /roslaunch/uris/host_dfd1434c44f2__36615' to http://dfd1434c44f2:36615/
[roslaunch][INFO] 2026-03-11 11:50:37,182: ... preparing to launch node of type [rosout/rosout]
[roslaunch][INFO] 2026-03-11 11:50:37,182: create_node_process: package[rosout] type[rosout] machine[Machine(name[] env_loader[None] address[localhost] ssh_port[22] user[None] assignable[True] timeout[10.0])] master_uri[http://localhost:11311]
[roslaunch][INFO] 2026-03-11 11:50:37,182: process[rosout-1]: env[{'ROS_VERSION': '1', 'PKG_CONFIG_PATH': '/opt/ros/noetic/lib/pkgconfig', 'ROS_PYTHON_VERSION': '3', 'HOSTNAME': 'dfd1434c44f2', 'ROS_PACKAGE_PATH': '/opt/ros/noetic/share', 'ROSLISP_PACKAGE_DIRECTORIES': '', 'PWD': '/root/code/tank-setup/bluerov2_pid/ros_qualysis/src/launch', 'HOME': '/root', 'LANG': 'C.UTF-8', 'ROS_ETC_DIR': '/opt/ros/noetic/etc/ros', 'CMAKE_PREFIX_PATH': '/opt/ros/noetic', 'PYTHONPATH': '/opt/ros/noetic/lib/python3/dist-packages', 'TERM': 'xterm', 'DISPLAY': ':1', 'SHLVL': '1', 'ROS_MASTER_URI': 'http://localhost:11311', 'LD_LIBRARY_PATH': '/opt/ros/noetic/lib', 'LC_ALL': 'C.UTF-8', 'PATH': '/opt/ros/noetic/bin:/usr/local/sbin:/usr/local/bin:/usr/sbin:/usr/bin:/sbin:/bin', 'ROS_ROOT': '/opt/ros/noetic/share/ros', 'ROS_DISTRO': 'noetic', 'QT_X11_NO_MITSHM': '1', 'OLDPWD': '/root/code/tank-setup/bluerov2_pid/ros_qualysis/src', '_': '/opt/ros/noetic/bin/roslaunch', 'ROS_LOG_FILENAME': '/root/.ros/log/84cc9a1e-1d40-11f1-8b18-42c45de47f1a/roslaunch-dfd1434c44f2-95.log'}]
[roslaunch][INFO] 2026-03-11 11:50:37,197: process[rosout-1]: args[['/opt/ros/noetic/lib/rosout/rosout', '__name:=rosout']]
[roslaunch][INFO] 2026-03-11 11:50:37,197: ... created process [rosout-1]
[roslaunch.pmon][INFO] 2026-03-11 11:50:37,197: ProcessMonitor.register[rosout-1]
[roslaunch.pmon][INFO] 2026-03-11 11:50:37,197: ProcessMonitor.register[rosout-1] complete
[roslaunch][INFO] 2026-03-11 11:50:37,197: ... registered process [rosout-1]
[roslaunch][INFO] 2026-03-11 11:50:37,197: process[rosout-1]: starting os process
[roslaunch][INFO] 2026-03-11 11:50:37,197: process[rosout-1]: start w/ args [['/opt/ros/noetic/lib/rosout/rosout', '__name:=rosout', '__log:=/root/.ros/log/84cc9a1e-1d40-11f1-8b18-42c45de47f1a/rosout-1.log']]
[roslaunch][INFO] 2026-03-11 11:50:37,197: process[rosout-1]: cwd will be [/root/.ros]
[roslaunch][INFO] 2026-03-11 11:50:37,200: process[rosout-1]: started with pid [155]
[roslaunch][INFO] 2026-03-11 11:50:37,200: ... successfully launched [rosout-1]
[roslaunch][INFO] 2026-03-11 11:50:37,200: load_parameters starting ...
[roslaunch][INFO] 2026-03-11 11:50:37,202: ... load_parameters complete
[roslaunch][INFO] 2026-03-11 11:50:37,202: launch_nodes: launching local nodes ...
[roslaunch][INFO] 2026-03-11 11:50:37,203: ... preparing to launch node of type [ros-qualisys/ros-qualisys]
[roslaunch][INFO] 2026-03-11 11:50:37,203: create_node_process: package[ros-qualisys] type[ros-qualisys] machine[Machine(name[] env_loader[None] address[localhost] ssh_port[22] user[None] assignable[True] timeout[10.0])] master_uri[http://localhost:11311]
[roslaunch][INFO] 2026-03-11 11:50:37,203: process[qualisys-2]: env[{'ROS_VERSION': '1', 'PKG_CONFIG_PATH': '/opt/ros/noetic/lib/pkgconfig', 'ROS_PYTHON_VERSION': '3', 'HOSTNAME': 'dfd1434c44f2', 'ROS_PACKAGE_PATH': '/opt/ros/noetic/share', 'ROSLISP_PACKAGE_DIRECTORIES': '', 'PWD': '/root/code/tank-setup/bluerov2_pid/ros_qualysis/src/launch', 'HOME': '/root', 'LANG': 'C.UTF-8', 'ROS_ETC_DIR': '/opt/ros/noetic/etc/ros', 'CMAKE_PREFIX_PATH': '/opt/ros/noetic', 'PYTHONPATH': '/opt/ros/noetic/lib/python3/dist-packages', 'TERM': 'xterm', 'DISPLAY': ':1', 'SHLVL': '1', 'ROS_MASTER_URI': 'http://localhost:11311', 'LD_LIBRARY_PATH': '/opt/ros/noetic/lib', 'LC_ALL': 'C.UTF-8', 'PATH': '/opt/ros/noetic/bin:/usr/local/sbin:/usr/local/bin:/usr/sbin:/usr/bin:/sbin:/bin', 'ROS_ROOT': '/opt/ros/noetic/share/ros', 'ROS_DISTRO': 'noetic', 'QT_X11_NO_MITSHM': '1', 'OLDPWD': '/root/code/tank-setup/bluerov2_pid/ros_qualysis/src', '_': '/opt/ros/noetic/bin/roslaunch', 'ROS_LOG_FILENAME': '/root/.ros/log/84cc9a1e-1d40-11f1-8b18-42c45de47f1a/roslaunch-dfd1434c44f2-95.log'}]
[roslaunch][ERROR] 2026-03-11 11:50:37,203: ros-qualisys
ROS path [0]=/opt/ros/noetic/share/ros
ROS path [1]=/opt/ros/noetic/share
[roslaunch][ERROR] 2026-03-11 11:50:37,203: ERROR: cannot launch node of type [ros-qualisys/ros-qualisys]: ros-qualisys
ROS path [0]=/opt/ros/noetic/share/ros
ROS path [1]=/opt/ros/noetic/share
[roslaunch][INFO] 2026-03-11 11:50:37,203: ... launch_nodes complete
[roslaunch.pmon][INFO] 2026-03-11 11:50:37,203: registrations completed <ProcessMonitor(ProcessMonitor-1, started daemon 140447958284032)>
[roslaunch.parent][INFO] 2026-03-11 11:50:37,203: ... roslaunch parent running, waiting for process exit
[roslaunch][INFO] 2026-03-11 11:50:37,203: spin
[roslaunch.pmon][INFO] 2026-03-11 11:50:44,257: ProcessMonitor.shutdown <ProcessMonitor(ProcessMonitor-1, started daemon 140447958284032)>
[roslaunch.pmon][INFO] 2026-03-11 11:50:44,269: ProcessMonitor._post_run <ProcessMonitor(ProcessMonitor-1, started daemon 140447958284032)>
[roslaunch.pmon][INFO] 2026-03-11 11:50:44,269: ProcessMonitor._post_run <ProcessMonitor(ProcessMonitor-1, started daemon 140447958284032)>: remaining procs are [<roslaunch.nodeprocess.LocalProcess object at 0x7fbcb2a848b0>, <roslaunch.nodeprocess.LocalProcess object at 0x7fbcb2a84a30>]
[roslaunch.pmon][INFO] 2026-03-11 11:50:44,270: ProcessMonitor exit: killing rosout-1
[roslaunch][INFO] 2026-03-11 11:50:44,270: [rosout-1] killing on exit
[roslaunch][INFO] 2026-03-11 11:50:44,271: process[rosout-1]: killing os process with pid[155] pgid[155]
[roslaunch][INFO] 2026-03-11 11:50:44,271: [rosout-1] sending SIGINT to pgid [155]
[roslaunch][INFO] 2026-03-11 11:50:44,271: [rosout-1] sent SIGINT to pgid [155]
[roslaunch][INFO] 2026-03-11 11:50:44,471: process[rosout-1]: SIGINT killed with return value 0
[roslaunch.pmon][INFO] 2026-03-11 11:50:44,471: ProcessMonitor exit: killing master
[roslaunch][INFO] 2026-03-11 11:50:44,471: [master] killing on exit
[roslaunch][INFO] 2026-03-11 11:50:44,471: process[master]: killing os process with pid[124] pgid[124]
[roslaunch][INFO] 2026-03-11 11:50:44,471: [master] sending SIGINT to pgid [124]
[roslaunch][INFO] 2026-03-11 11:50:44,471: [master] sent SIGINT to pgid [124]
[roslaunch][INFO] 2026-03-11 11:50:44,672: process[master]: SIGINT killed with return value 0
[roslaunch.pmon][INFO] 2026-03-11 11:50:44,672: ProcessMonitor exit: cleaning up data structures and signals
[roslaunch.pmon][INFO] 2026-03-11 11:50:44,672: ProcessMonitor exit: pmon has shutdown
[roslaunch][INFO] 2026-03-11 11:50:44,672: process monitor is done spinning, initiating full shutdown
[roslaunch][INFO] 2026-03-11 11:50:44,672: runner.stop()
[roslaunch][INFO] 2026-03-11 11:50:44,672: shutting down processing monitor...
[roslaunch][INFO] 2026-03-11 11:50:44,672: shutting down processing monitor <ProcessMonitor(ProcessMonitor-1, stopped daemon 140447958284032)>
[roslaunch.pmon][INFO] 2026-03-11 11:50:44,672: ProcessMonitor.shutdown <ProcessMonitor(ProcessMonitor-1, stopped daemon 140447958284032)>
[roslaunch][INFO] 2026-03-11 11:50:44,672: ... shutting down processing monitor complete
[roslaunch][INFO] 2026-03-11 11:50:44,672: done
[roslaunch.pmon][INFO] 2026-03-11 11:50:44,673: ProcessMonitor.shutdown <ProcessMonitor(ProcessMonitor-1, stopped daemon 140447958284032)>
[rospy.core][INFO] 2026-03-11 11:50:44,673: signal_shutdown [atexit]
