[rosmaster.main][INFO] 2026-03-11 11:53:10,015: initialization complete, waiting for shutdown
[rosmaster.main][INFO] 2026-03-11 11:53:10,016: Starting ROS Master Node
[xmlrpc][INFO] 2026-03-11 11:53:10,016: XML-RPC server binding to 0.0.0.0:11311
[xmlrpc][INFO] 2026-03-11 11:53:10,016: Started XML-RPC server [http://dfd1434c44f2:11311/]
[rosmaster.master][INFO] 2026-03-11 11:53:10,017: Master initialized: port[11311], uri[http://dfd1434c44f2:11311/]
[xmlrpc][INFO] 2026-03-11 11:53:10,017: xml rpc node: starting XML-RPC server
[rosmaster.master][INFO] 2026-03-11 11:53:10,074: +PARAM [/run_id] by /roslaunch
[rosmaster.master][INFO] 2026-03-11 11:53:10,075: +PARAM [/roslaunch/uris/host_dfd1434c44f2__35775] by /roslaunch
[rosmaster.master][INFO] 2026-03-11 11:53:10,100: +PARAM [/rosversion] by /roslaunch
[rosmaster.master][INFO] 2026-03-11 11:53:10,100: +PARAM [/rosdistro] by /roslaunch
[rosmaster.master][INFO] 2026-03-11 11:53:10,100: +PARAM [/qualisys/server_address] by /roslaunch
[rosmaster.master][INFO] 2026-03-11 11:53:10,100: +PARAM [/qualisys/server_base_port] by /roslaunch
[rosmaster.master][INFO] 2026-03-11 11:53:10,101: +SERVICE [/rosout/get_loggers] /rosout http://dfd1434c44f2:42099/
[rosmaster.master][INFO] 2026-03-11 11:53:10,102: +SERVICE [/rosout/set_logger_level] /rosout http://dfd1434c44f2:42099/
[rosmaster.master][INFO] 2026-03-11 11:53:10,102: +PUB [/rosout_agg] /rosout http://dfd1434c44f2:42099/
[rosmaster.master][INFO] 2026-03-11 11:53:10,104: +SUB [/rosout] /rosout http://dfd1434c44f2:42099/
[rosmaster.master][INFO] 2026-03-11 11:53:10,113: +PUB [/rosout] /qualisys http://dfd1434c44f2:34323/
[rosmaster.master][INFO] 2026-03-11 11:53:10,113: +SERVICE [/qualisys/get_loggers] /qualisys http://dfd1434c44f2:34323/
[rosmaster.master][INFO] 2026-03-11 11:53:10,114: +SERVICE [/qualisys/set_logger_level] /qualisys http://dfd1434c44f2:34323/
[rosmaster.master][INFO] 2026-03-11 11:53:10,114: +PUB [/tf] /qualisys http://dfd1434c44f2:34323/
[rosmaster.master][INFO] 2026-03-11 11:53:10,116: publisherUpdate[/rosout] -> http://dfd1434c44f2:42099/ ['http://dfd1434c44f2:34323/']
[rosmaster.master][INFO] 2026-03-11 11:53:10,118: +CACHEDPARAM [/rosout_disable_topics_generation] by /qualisys
[rosmaster.master][INFO] 2026-03-11 11:53:10,120: publisherUpdate[/rosout] -> http://dfd1434c44f2:42099/ ['http://dfd1434c44f2:34323/']: sec=0.00, result=[1, '', 0]
[rosmaster.master][INFO] 2026-03-11 11:53:11,523: -PUB [/rosout_agg] /rosout http://dfd1434c44f2:42099/
[rosmaster.master][INFO] 2026-03-11 11:53:11,523: -SUB [/rosout] /rosout http://dfd1434c44f2:42099/
[rosmaster.master][INFO] 2026-03-11 11:53:11,524: -SERVICE [/rosout/get_loggers] /rosout rosrpc://dfd1434c44f2:52911
[rosmaster.master][INFO] 2026-03-11 11:53:11,525: -SERVICE [/rosout/set_logger_level] /rosout rosrpc://dfd1434c44f2:52911
[rosmaster.main][INFO] 2026-03-11 11:53:11,555: keyboard interrupt, will exit
[rosmaster.main][INFO] 2026-03-11 11:53:11,555: stopping master...
[rospy.core][INFO] 2026-03-11 11:53:11,555: signal_shutdown [atexit]
