[roslaunch][INFO] 2026-03-11 11:53:09,755: Checking log directory for disk usage. This may take a while.
Press Ctrl-C to interrupt
[roslaunch][INFO] 2026-03-11 11:53:09,758: Done checking log file disk usage. Usage is <1GB.
[roslaunch][INFO] 2026-03-11 11:53:09,758: roslaunch starting with args ['/opt/ros/noetic/bin/roslaunch', 'ros-qualisys', 'qualisys_bauzil_bringup.launch']
[roslaunch][INFO] 2026-03-11 11:53:09,758: roslaunch env is environ({'ROS_VERSION': '1', 'PKG_CONFIG_PATH': '/root/code/tank-setup/bluerov2_pid/ros_qualysis/install/ros-qualisys/lib/x86_64-linux-gnu/pkgconfig:/root/code/tank-setup/bluerov2_pid/ros_qualysis/install/ros-qualisys/lib/pkgconfig:/opt/ros/noetic/lib/pkgconfig', 'ROS_PYTHON_VERSION': '3', 'HOSTNAME': 'dfd1434c44f2', 'ROS_PACKAGE_PATH': '/root/code/tank-setup/bluerov2_pid/ros_qualysis/install/ros-qualisys/share:/opt/ros/noetic/share', 'ROSLISP_PACKAGE_DIRECTORIES': '', 'PWD': '/root/code/tank-setup/bluerov2_pid/ros_qualysis', 'HOME': '/root', 'LANG': 'C.UTF-8', 'ROS_ETC_DIR': '/opt/ros/noetic/etc/ros', 'CMAKE_PREFIX_PATH': '/root/code/tank-setup/bluerov2_pid/ros_qualysis/install/ros-qualisys:/opt/ros/noetic', 'COLCON_PREFIX_PATH': '/root/code/tank-setup/bluerov2_pid/ros_qualysis/install', 'PYTHONPATH': '/opt/ros/noetic/lib/python3/dist-packages', 'TERM': 'xterm', 'DISPLAY': ':1', 'SHLVL': '1', 'ROS_MASTER_URI': 'http://localhost:11311', 'LD_LIBRARY_PATH': '/opt/openrobots/lib:/root/code/tank-setup/bluerov2_pid/ros_qualysis/install/ros-qualisys/lib:/opt/openrobots/lib:/opt/ros/noetic/lib', 'LC_ALL': 'C.UTF-8', 'PATH': '/opt/ros/noetic/bin:/usr/local/sbin:/usr/local/bin:/usr/sbin:/usr/bin:/sbin:/bin', 'ROS_ROOT': '/opt/ros/noetic/share/ros', 'ROS_DISTRO': 'noetic', 'QT_X11_NO_MITSHM': '1', 'OLDPWD': '/root/code/tank-setup/bluerov2_pid', '_': '/opt/ros/noetic/bin/roslaunch', 'ROS_LOG_FILENAME': '/root/.ros/log/dfeece44-1d40-11f1-a9d3-42c45de47f1a/roslaunch-dfd1434c44f2-552.log'})
[roslaunch][INFO] 2026-03-11 11:53:09,758: starting in server mode
[roslaunch.parent][INFO] 2026-03-11 11:53:09,758: starting roslaunch parent run
[roslaunch][INFO] 2026-03-11 11:53:09,758: loading roscore config file /opt/ros/noetic/etc/ros/roscore.xml
[roslaunch][INFO] 2026-03-11 11:53:09,847: Added core node of type [rosout/rosout] in namespace [/]
[roslaunch.config][INFO] 2026-03-11 11:53:09,847: loading config file /root/code/tank-setup/bluerov2_pid/ros_qualysis/install/ros-qualisys/share/ros-qualisys/launch/qualisys_bauzil_bringup.launch
[roslaunch][INFO] 2026-03-11 11:53:09,848: Added node of type [ros-qualisys/ros-qualisys] in namespace [/]
[roslaunch][INFO] 2026-03-11 11:53:09,848: ... selected machine [] for node of type [ros-qualisys/ros-qualisys]
[roslaunch.pmon][INFO] 2026-03-11 11:53:09,849: start_process_monitor: creating ProcessMonitor
[roslaunch.pmon][INFO] 2026-03-11 11:53:09,849: created process monitor <ProcessMonitor(ProcessMonitor-1, initial daemon)>
[roslaunch.pmon][INFO] 2026-03-11 11:53:09,850: start_process_monitor: ProcessMonitor started
[roslaunch.parent][INFO] 2026-03-11 11:53:09,850: starting parent XML-RPC server
[roslaunch.server][INFO] 2026-03-11 11:53:09,850: starting roslaunch XML-RPC server
[roslaunch.server][INFO] 2026-03-11 11:53:09,850: waiting for roslaunch XML-RPC server to initialize
[xmlrpc][INFO] 2026-03-11 11:53:09,850: XML-RPC server binding to 0.0.0.0:0
[xmlrpc][INFO] 2026-03-11 11:53:09,850: Started XML-RPC server [http://dfd1434c44f2:35775/]
[xmlrpc][INFO] 2026-03-11 11:53:09,850: xml rpc node: starting XML-RPC server
[roslaunch][INFO] 2026-03-11 11:53:09,862: started roslaunch server http://dfd1434c44f2:35775/
[roslaunch.parent][INFO] 2026-03-11 11:53:09,862: ... parent XML-RPC server started
[roslaunch][INFO] 2026-03-11 11:53:09,863: master.is_running[http://localhost:11311]
[roslaunch][INFO] 2026-03-11 11:53:09,863: auto-starting new master
[roslaunch][INFO] 2026-03-11 11:53:09,863: create_master_process: rosmaster, /opt/ros/noetic/share/ros, 11311, 3, None, False
[roslaunch][INFO] 2026-03-11 11:53:09,863: process[master]: launching with args [['rosmaster', '--core', '-p', '11311', '-w', '3']]
[roslaunch.pmon][INFO] 2026-03-11 11:53:09,864: ProcessMonitor.register[master]
[roslaunch.pmon][INFO] 2026-03-11 11:53:09,864: ProcessMonitor.register[master] complete
[roslaunch][INFO] 2026-03-11 11:53:09,864: process[master]: starting os process
[roslaunch][INFO] 2026-03-11 11:53:09,864: process[master]: start w/ args [['rosmaster', '--core', '-p', '11311', '-w', '3', '__log:=/root/.ros/log/dfeece44-1d40-11f1-a9d3-42c45de47f1a/master.log']]
[roslaunch][INFO] 2026-03-11 11:53:09,864: process[master]: cwd will be [/root/.ros]
[roslaunch][INFO] 2026-03-11 11:53:09,867: process[master]: started with pid [581]
[roslaunch][INFO] 2026-03-11 11:53:09,867: master.is_running[http://localhost:11311]
[roslaunch][INFO] 2026-03-11 11:53:09,967: master.is_running[http://localhost:11311]
[roslaunch][INFO] 2026-03-11 11:53:10,068: master.is_running[http://localhost:11311]
[roslaunch][INFO] 2026-03-11 11:53:10,071: master.is_running[http://localhost:11311]
[roslaunch][INFO] 2026-03-11 11:53:10,072: ROS_MASTER_URI=http://localhost:11311
[roslaunch][INFO] 2026-03-11 11:53:10,074: setting /run_id to dfeece44-1d40-11f1-a9d3-42c45de47f1a
[roslaunch][INFO] 2026-03-11 11:53:10,075: setting /roslaunch/uris/host_dfd1434c44f2__35775' to http://dfd1434c44f2:35775/
[roslaunch][INFO] 2026-03-11 11:53:10,077: ... preparing to launch node of type [rosout/rosout]
[roslaunch][INFO] 2026-03-11 11:53:10,077: create_node_process: package[rosout] type[rosout] machine[Machine(name[] env_loader[None] address[localhost] ssh_port[22] user[None] assignable[True] timeout[10.0])] master_uri[http://localhost:11311]
[roslaunch][INFO] 2026-03-11 11:53:10,077: process[rosout-1]: env[{'ROS_VERSION': '1', 'PKG_CONFIG_PATH': '/root/code/tank-setup/bluerov2_pid/ros_qualysis/install/ros-qualisys/lib/x86_64-linux-gnu/pkgconfig:/root/code/tank-setup/bluerov2_pid/ros_qualysis/install/ros-qualisys/lib/pkgconfig:/opt/ros/noetic/lib/pkgconfig', 'ROS_PYTHON_VERSION': '3', 'HOSTNAME': 'dfd1434c44f2', 'ROS_PACKAGE_PATH': '/root/code/tank-setup/bluerov2_pid/ros_qualysis/install/ros-qualisys/share:/opt/ros/noetic/share', 'ROSLISP_PACKAGE_DIRECTORIES': '', 'PWD': '/root/code/tank-setup/bluerov2_pid/ros_qualysis', 'HOME': '/root', 'LANG': 'C.UTF-8', 'ROS_ETC_DIR': '/opt/ros/noetic/etc/ros', 'CMAKE_PREFIX_PATH': '/root/code/tank-setup/bluerov2_pid/ros_qualysis/install/ros-qualisys:/opt/ros/noetic', 'COLCON_PREFIX_PATH': '/root/code/tank-setup/bluerov2_pid/ros_qualysis/install', 'PYTHONPATH': '/opt/ros/noetic/lib/python3/dist-packages', 'TERM': 'xterm', 'DISPLAY': ':1', 'SHLVL': '1', 'ROS_MASTER_URI': 'http://localhost:11311', 'LD_LIBRARY_PATH': '/opt/openrobots/lib:/root/code/tank-setup/bluerov2_pid/ros_qualysis/install/ros-qualisys/lib:/opt/openrobots/lib:/opt/ros/noetic/lib', 'LC_ALL': 'C.UTF-8', 'PATH': '/opt/ros/noetic/bin:/usr/local/sbin:/usr/local/bin:/usr/sbin:/usr/bin:/sbin:/bin', 'ROS_ROOT': '/opt/ros/noetic/share/ros', 'ROS_DISTRO': 'noetic', 'QT_X11_NO_MITSHM': '1', 'OLDPWD': '/root/code/tank-setup/bluerov2_pid', '_': '/opt/ros/noetic/bin/roslaunch', 'ROS_LOG_FILENAME': '/root/.ros/log/dfeece44-1d40-11f1-a9d3-42c45de47f1a/roslaunch-dfd1434c44f2-552.log'}]
[roslaunch][INFO] 2026-03-11 11:53:10,094: process[rosout-1]: args[['/opt/ros/noetic/lib/rosout/rosout', '__name:=rosout']]
[roslaunch][INFO] 2026-03-11 11:53:10,094: ... created process [rosout-1]
[roslaunch.pmon][INFO] 2026-03-11 11:53:10,094: ProcessMonitor.register[rosout-1]
[roslaunch.pmon][INFO] 2026-03-11 11:53:10,094: ProcessMonitor.register[rosout-1] complete
[roslaunch][INFO] 2026-03-11 11:53:10,094: ... registered process [rosout-1]
[roslaunch][INFO] 2026-03-11 11:53:10,094: process[rosout-1]: starting os process
[roslaunch][INFO] 2026-03-11 11:53:10,094: process[rosout-1]: start w/ args [['/opt/ros/noetic/lib/rosout/rosout', '__name:=rosout', '__log:=/root/.ros/log/dfeece44-1d40-11f1-a9d3-42c45de47f1a/rosout-1.log']]
[roslaunch][INFO] 2026-03-11 11:53:10,094: process[rosout-1]: cwd will be [/root/.ros]
[roslaunch][INFO] 2026-03-11 11:53:10,097: process[rosout-1]: started with pid [612]
[roslaunch][INFO] 2026-03-11 11:53:10,097: ... successfully launched [rosout-1]
[roslaunch][INFO] 2026-03-11 11:53:10,097: load_parameters starting ...
[roslaunch][INFO] 2026-03-11 11:53:10,100: ... load_parameters complete
[roslaunch][INFO] 2026-03-11 11:53:10,101: launch_nodes: launching local nodes ...
[roslaunch][INFO] 2026-03-11 11:53:10,101: ... preparing to launch node of type [ros-qualisys/ros-qualisys]
[roslaunch][INFO] 2026-03-11 11:53:10,101: create_node_process: package[ros-qualisys] type[ros-qualisys] machine[Machine(name[] env_loader[None] address[localhost] ssh_port[22] user[None] assignable[True] timeout[10.0])] master_uri[http://localhost:11311]
[roslaunch][INFO] 2026-03-11 11:53:10,101: process[qualisys-2]: env[{'ROS_VERSION': '1', 'PKG_CONFIG_PATH': '/root/code/tank-setup/bluerov2_pid/ros_qualysis/install/ros-qualisys/lib/x86_64-linux-gnu/pkgconfig:/root/code/tank-setup/bluerov2_pid/ros_qualysis/install/ros-qualisys/lib/pkgconfig:/opt/ros/noetic/lib/pkgconfig', 'ROS_PYTHON_VERSION': '3', 'HOSTNAME': 'dfd1434c44f2', 'ROS_PACKAGE_PATH': '/root/code/tank-setup/bluerov2_pid/ros_qualysis/install/ros-qualisys/share:/opt/ros/noetic/share', 'ROSLISP_PACKAGE_DIRECTORIES': '', 'PWD': '/root/code/tank-setup/bluerov2_pid/ros_qualysis', 'HOME': '/root', 'LANG': 'C.UTF-8', 'ROS_ETC_DIR': '/opt/ros/noetic/etc/ros', 'CMAKE_PREFIX_PATH': '/root/code/tank-setup/bluerov2_pid/ros_qualysis/install/ros-qualisys:/opt/ros/noetic', 'COLCON_PREFIX_PATH': '/root/code/tank-setup/bluerov2_pid/ros_qualysis/install', 'PYTHONPATH': '/opt/ros/noetic/lib/python3/dist-packages', 'TERM': 'xterm', 'DISPLAY': ':1', 'SHLVL': '1', 'ROS_MASTER_URI': 'http://localhost:11311', 'LD_LIBRARY_PATH': '/opt/openrobots/lib:/root/code/tank-setup/bluerov2_pid/ros_qualysis/install/ros-qualisys/lib:/opt/openrobots/lib:/opt/ros/noetic/lib', 'LC_ALL': 'C.UTF-8', 'PATH': '/opt/ros/noetic/bin:/usr/local/sbin:/usr/local/bin:/usr/sbin:/usr/bin:/sbin:/bin', 'ROS_ROOT': '/opt/ros/noetic/share/ros', 'ROS_DISTRO': 'noetic', 'QT_X11_NO_MITSHM': '1', 'OLDPWD': '/root/code/tank-setup/bluerov2_pid', '_': '/opt/ros/noetic/bin/roslaunch', 'ROS_LOG_FILENAME': '/root/.ros/log/dfeece44-1d40-11f1-a9d3-42c45de47f1a/roslaunch-dfd1434c44f2-552.log'}]
[roslaunch][INFO] 2026-03-11 11:53:10,102: process[qualisys-2]: args[['/root/code/tank-setup/bluerov2_pid/ros_qualysis/install/ros-qualisys/lib/ros-qualisys/ros-qualisys', '__name:=qualisys']]
[roslaunch][INFO] 2026-03-11 11:53:10,102: ... created process [qualisys-2]
[roslaunch.pmon][INFO] 2026-03-11 11:53:10,102: ProcessMonitor.register[qualisys-2]
[roslaunch.pmon][INFO] 2026-03-11 11:53:10,102: ProcessMonitor.register[qualisys-2] complete
[roslaunch][INFO] 2026-03-11 11:53:10,102: ... registered process [qualisys-2]
[roslaunch][INFO] 2026-03-11 11:53:10,102: process[qualisys-2]: starting os process
[roslaunch][INFO] 2026-03-11 11:53:10,102: process[qualisys-2]: start w/ args [['/root/code/tank-setup/bluerov2_pid/ros_qualysis/install/ros-qualisys/lib/ros-qualisys/ros-qualisys', '__name:=qualisys', '__log:=/root/.ros/log/dfeece44-1d40-11f1-a9d3-42c45de47f1a/qualisys-2.log']]
[roslaunch][INFO] 2026-03-11 11:53:10,102: process[qualisys-2]: cwd will be [/root/.ros]
[roslaunch][INFO] 2026-03-11 11:53:10,105: process[qualisys-2]: started with pid [619]
[roslaunch][INFO] 2026-03-11 11:53:10,105: ... successfully launched [qualisys-2]
[roslaunch][INFO] 2026-03-11 11:53:10,105: ... launch_nodes complete
[roslaunch.pmon][INFO] 2026-03-11 11:53:10,105: registrations completed <ProcessMonitor(ProcessMonitor-1, started daemon 139940832618240)>
[roslaunch.parent][INFO] 2026-03-11 11:53:10,105: ... roslaunch parent running, waiting for process exit
[roslaunch][INFO] 2026-03-11 11:53:10,105: spin
[roslaunch.pmon][INFO] 2026-03-11 11:53:11,282: ProcessMonitor.shutdown <ProcessMonitor(ProcessMonitor-1, started daemon 139940832618240)>
[roslaunch.pmon][INFO] 2026-03-11 11:53:11,352: ProcessMonitor._post_run <ProcessMonitor(ProcessMonitor-1, started daemon 139940832618240)>
[roslaunch.pmon][INFO] 2026-03-11 11:53:11,352: ProcessMonitor._post_run <ProcessMonitor(ProcessMonitor-1, started daemon 139940832618240)>: remaining procs are [<roslaunch.nodeprocess.LocalProcess object at 0x7f46979cc880>, <roslaunch.nodeprocess.LocalProcess object at 0x7f46979cc940>, <roslaunch.nodeprocess.LocalProcess object at 0x7f46979cc790>]
[roslaunch.pmon][INFO] 2026-03-11 11:53:11,353: ProcessMonitor exit: killing qualisys-2
[roslaunch][INFO] 2026-03-11 11:53:11,353: [qualisys-2] killing on exit
[roslaunch][INFO] 2026-03-11 11:53:11,353: process[qualisys-2]: killing os process with pid[619] pgid[619]
[roslaunch][INFO] 2026-03-11 11:53:11,353: [qualisys-2] sending SIGINT to pgid [619]
[roslaunch][INFO] 2026-03-11 11:53:11,353: [qualisys-2] sent SIGINT to pgid [619]
[roslaunch][INFO] 2026-03-11 11:53:11,454: process[qualisys-2]: SIGINT killed with return value -2
[roslaunch.pmon][INFO] 2026-03-11 11:53:11,454: ProcessMonitor exit: killing rosout-1
[roslaunch][INFO] 2026-03-11 11:53:11,454: [rosout-1] killing on exit
[roslaunch][INFO] 2026-03-11 11:53:11,454: process[rosout-1]: killing os process with pid[612] pgid[612]
[roslaunch][INFO] 2026-03-11 11:53:11,454: [rosout-1] sending SIGINT to pgid [612]
[roslaunch][INFO] 2026-03-11 11:53:11,454: [rosout-1] sent SIGINT to pgid [612]
[roslaunch][INFO] 2026-03-11 11:53:11,554: process[rosout-1]: SIGINT killed with return value 0
[roslaunch.pmon][INFO] 2026-03-11 11:53:11,555: ProcessMonitor exit: killing master
[roslaunch][INFO] 2026-03-11 11:53:11,555: [master] killing on exit
[roslaunch][INFO] 2026-03-11 11:53:11,555: process[master]: killing os process with pid[581] pgid[581]
[roslaunch][INFO] 2026-03-11 11:53:11,555: [master] sending SIGINT to pgid [581]
[roslaunch][INFO] 2026-03-11 11:53:11,555: [master] sent SIGINT to pgid [581]
[roslaunch][INFO] 2026-03-11 11:53:11,755: process[master]: SIGINT killed with return value 0
[roslaunch.pmon][INFO] 2026-03-11 11:53:11,755: ProcessMonitor exit: cleaning up data structures and signals
[roslaunch.pmon][INFO] 2026-03-11 11:53:11,755: ProcessMonitor exit: pmon has shutdown
[roslaunch][INFO] 2026-03-11 11:53:11,756: process monitor is done spinning, initiating full shutdown
[roslaunch][INFO] 2026-03-11 11:53:11,756: runner.stop()
[roslaunch][INFO] 2026-03-11 11:53:11,756: shutting down processing monitor...
[roslaunch][INFO] 2026-03-11 11:53:11,756: shutting down processing monitor <ProcessMonitor(ProcessMonitor-1, stopped daemon 139940832618240)>
[roslaunch.pmon][INFO] 2026-03-11 11:53:11,756: ProcessMonitor.shutdown <ProcessMonitor(ProcessMonitor-1, stopped daemon 139940832618240)>
[roslaunch][INFO] 2026-03-11 11:53:11,756: ... shutting down processing monitor complete
[roslaunch][INFO] 2026-03-11 11:53:11,756: done
[roslaunch.pmon][INFO] 2026-03-11 11:53:11,756: ProcessMonitor.shutdown <ProcessMonitor(ProcessMonitor-1, stopped daemon 139940832618240)>
[rospy.core][INFO] 2026-03-11 11:53:11,756: signal_shutdown [atexit]
