[rosmaster.main][INFO] 2026-03-11 11:53:15,676: initialization complete, waiting for shutdown
[rosmaster.main][INFO] 2026-03-11 11:53:15,676: Starting ROS Master Node
[xmlrpc][INFO] 2026-03-11 11:53:15,683: XML-RPC server binding to 0.0.0.0:11311
[xmlrpc][INFO] 2026-03-11 11:53:15,683: Started XML-RPC server [http://dfd1434c44f2:11311/]
[rosmaster.master][INFO] 2026-03-11 11:53:15,683: Master initialized: port[11311], uri[http://dfd1434c44f2:11311/]
[xmlrpc][INFO] 2026-03-11 11:53:15,683: xml rpc node: starting XML-RPC server
[rosmaster.master][INFO] 2026-03-11 11:53:15,749: +PARAM [/run_id] by /roslaunch
[rosmaster.master][INFO] 2026-03-11 11:53:15,750: +PARAM [/roslaunch/uris/host_dfd1434c44f2__37825] by /roslaunch
[rosmaster.master][INFO] 2026-03-11 11:53:15,776: +PARAM [/rosversion] by /roslaunch
[rosmaster.master][INFO] 2026-03-11 11:53:15,776: +PARAM [/rosdistro] by /roslaunch
[rosmaster.master][INFO] 2026-03-11 11:53:15,777: +PARAM [/qualisys/server_address] by /roslaunch
[rosmaster.master][INFO] 2026-03-11 11:53:15,777: +PARAM [/qualisys/server_base_port] by /roslaunch
[rosmaster.master][INFO] 2026-03-11 11:53:15,777: +SERVICE [/rosout/get_loggers] /rosout http://dfd1434c44f2:33949/
[rosmaster.master][INFO] 2026-03-11 11:53:15,778: +SERVICE [/rosout/set_logger_level] /rosout http://dfd1434c44f2:33949/
[rosmaster.master][INFO] 2026-03-11 11:53:15,779: +PUB [/rosout_agg] /rosout http://dfd1434c44f2:33949/
[rosmaster.master][INFO] 2026-03-11 11:53:15,780: +SUB [/rosout] /rosout http://dfd1434c44f2:33949/
[rosmaster.master][INFO] 2026-03-11 11:53:15,789: +PUB [/rosout] /qualisys http://dfd1434c44f2:41501/
[rosmaster.master][INFO] 2026-03-11 11:53:15,789: +SERVICE [/qualisys/get_loggers] /qualisys http://dfd1434c44f2:41501/
[rosmaster.master][INFO] 2026-03-11 11:53:15,790: +SERVICE [/qualisys/set_logger_level] /qualisys http://dfd1434c44f2:41501/
[rosmaster.master][INFO] 2026-03-11 11:53:15,790: +PUB [/tf] /qualisys http://dfd1434c44f2:41501/
[rosmaster.master][INFO] 2026-03-11 11:53:15,793: +CACHEDPARAM [/rosout_disable_topics_generation] by /qualisys
[rosmaster.master][INFO] 2026-03-11 11:53:15,877: publisherUpdate[/rosout] -> http://dfd1434c44f2:33949/ ['http://dfd1434c44f2:41501/']
[rosmaster.master][INFO] 2026-03-11 11:53:15,880: publisherUpdate[/rosout] -> http://dfd1434c44f2:33949/ ['http://dfd1434c44f2:41501/']: sec=0.00, result=[1, '', 0]
[rosmaster.master][INFO] 2026-03-11 11:53:21,388: -PUB [/rosout_agg] /rosout http://dfd1434c44f2:33949/
[rosmaster.master][INFO] 2026-03-11 11:53:21,388: -SUB [/rosout] /rosout http://dfd1434c44f2:33949/
[rosmaster.master][INFO] 2026-03-11 11:53:21,389: -SERVICE [/rosout/get_loggers] /rosout rosrpc://dfd1434c44f2:35555
[rosmaster.master][INFO] 2026-03-11 11:53:21,389: -SERVICE [/rosout/set_logger_level] /rosout rosrpc://dfd1434c44f2:35555
[rosmaster.main][INFO] 2026-03-11 11:53:21,439: keyboard interrupt, will exit
[rosmaster.main][INFO] 2026-03-11 11:53:21,439: stopping master...
[rospy.core][INFO] 2026-03-11 11:53:21,439: signal_shutdown [atexit]
