[roslaunch][INFO] 2026-03-11 11:53:15,444: Checking log directory for disk usage. This may take a while.
Press Ctrl-C to interrupt
[roslaunch][INFO] 2026-03-11 11:53:15,447: Done checking log file disk usage. Usage is <1GB.
[roslaunch][INFO] 2026-03-11 11:53:15,447: roslaunch starting with args ['/opt/ros/noetic/bin/roslaunch', 'ros-qualisys', 'qualisys_bauzil_bringup.launch']
[roslaunch][INFO] 2026-03-11 11:53:15,447: roslaunch env is environ({'ROS_VERSION': '1', 'PKG_CONFIG_PATH': '/root/code/tank-setup/bluerov2_pid/ros_qualysis/install/ros-qualisys/lib/x86_64-linux-gnu/pkgconfig:/root/code/tank-setup/bluerov2_pid/ros_qualysis/install/ros-qualisys/lib/pkgconfig:/opt/ros/noetic/lib/pkgconfig', 'ROS_PYTHON_VERSION': '3', 'HOSTNAME': 'dfd1434c44f2', 'ROS_PACKAGE_PATH': '/root/code/tank-setup/bluerov2_pid/ros_qualysis/install/ros-qualisys/share:/opt/ros/noetic/share', 'ROSLISP_PACKAGE_DIRECTORIES': '', 'PWD': '/root/code/tank-setup/bluerov2_pid/ros_qualysis', 'HOME': '/root', 'LANG': 'C.UTF-8', 'ROS_ETC_DIR': '/opt/ros/noetic/etc/ros', 'CMAKE_PREFIX_PATH': '/root/code/tank-setup/bluerov2_pid/ros_qualysis/install/ros-qualisys:/opt/ros/noetic', 'COLCON_PREFIX_PATH': '/root/code/tank-setup/bluerov2_pid/ros_qualysis/install', 'PYTHONPATH': '/opt/ros/noetic/lib/python3/dist-packages', 'TERM': 'xterm', 'DISPLAY': ':1', 'SHLVL': '1', 'ROS_MASTER_URI': 'http://localhost:11311', 'LD_LIBRARY_PATH': '/opt/openrobots/lib:/root/code/tank-setup/bluerov2_pid/ros_qualysis/install/ros-qualisys/lib:/opt/openrobots/lib:/opt/ros/noetic/lib', 'LC_ALL': 'C.UTF-8', 'PATH': '/opt/ros/noetic/bin:/usr/local/sbin:/usr/local/bin:/usr/sbin:/usr/bin:/sbin:/bin', 'ROS_ROOT': '/opt/ros/noetic/share/ros', 'ROS_DISTRO': 'noetic', 'QT_X11_NO_MITSHM': '1', 'OLDPWD': '/root/code/tank-setup/bluerov2_pid', '_': '/opt/ros/noetic/bin/roslaunch', 'ROS_LOG_FILENAME': '/root/.ros/log/e352bb54-1d40-11f1-ad06-42c45de47f1a/roslaunch-dfd1434c44f2-657.log'})
[roslaunch][INFO] 2026-03-11 11:53:15,447: starting in server mode
[roslaunch.parent][INFO] 2026-03-11 11:53:15,447: starting roslaunch parent run
[roslaunch][INFO] 2026-03-11 11:53:15,447: loading roscore config file /opt/ros/noetic/etc/ros/roscore.xml
[roslaunch][INFO] 2026-03-11 11:53:15,522: Added core node of type [rosout/rosout] in namespace [/]
[roslaunch.config][INFO] 2026-03-11 11:53:15,522: loading config file /root/code/tank-setup/bluerov2_pid/ros_qualysis/install/ros-qualisys/share/ros-qualisys/launch/qualisys_bauzil_bringup.launch
[roslaunch][INFO] 2026-03-11 11:53:15,523: Added node of type [ros-qualisys/ros-qualisys] in namespace [/]
[roslaunch][INFO] 2026-03-11 11:53:15,523: ... selected machine [] for node of type [ros-qualisys/ros-qualisys]
[roslaunch.pmon][INFO] 2026-03-11 11:53:15,524: start_process_monitor: creating ProcessMonitor
[roslaunch.pmon][INFO] 2026-03-11 11:53:15,524: created process monitor <ProcessMonitor(ProcessMonitor-1, initial daemon)>
[roslaunch.pmon][INFO] 2026-03-11 11:53:15,525: start_process_monitor: ProcessMonitor started
[roslaunch.parent][INFO] 2026-03-11 11:53:15,525: starting parent XML-RPC server
[roslaunch.server][INFO] 2026-03-11 11:53:15,525: starting roslaunch XML-RPC server
[roslaunch.server][INFO] 2026-03-11 11:53:15,525: waiting for roslaunch XML-RPC server to initialize
[xmlrpc][INFO] 2026-03-11 11:53:15,525: XML-RPC server binding to 0.0.0.0:0
[xmlrpc][INFO] 2026-03-11 11:53:15,526: Started XML-RPC server [http://dfd1434c44f2:37825/]
[xmlrpc][INFO] 2026-03-11 11:53:15,526: xml rpc node: starting XML-RPC server
[roslaunch][INFO] 2026-03-11 11:53:15,537: started roslaunch server http://dfd1434c44f2:37825/
[roslaunch.parent][INFO] 2026-03-11 11:53:15,537: ... parent XML-RPC server started
[roslaunch][INFO] 2026-03-11 11:53:15,538: master.is_running[http://localhost:11311]
[roslaunch][INFO] 2026-03-11 11:53:15,538: auto-starting new master
[roslaunch][INFO] 2026-03-11 11:53:15,539: create_master_process: rosmaster, /opt/ros/noetic/share/ros, 11311, 3, None, False
[roslaunch][INFO] 2026-03-11 11:53:15,539: process[master]: launching with args [['rosmaster', '--core', '-p', '11311', '-w', '3']]
[roslaunch.pmon][INFO] 2026-03-11 11:53:15,539: ProcessMonitor.register[master]
[roslaunch.pmon][INFO] 2026-03-11 11:53:15,539: ProcessMonitor.register[master] complete
[roslaunch][INFO] 2026-03-11 11:53:15,539: process[master]: starting os process
[roslaunch][INFO] 2026-03-11 11:53:15,539: process[master]: start w/ args [['rosmaster', '--core', '-p', '11311', '-w', '3', '__log:=/root/.ros/log/e352bb54-1d40-11f1-ad06-42c45de47f1a/master.log']]
[roslaunch][INFO] 2026-03-11 11:53:15,539: process[master]: cwd will be [/root/.ros]
[roslaunch][INFO] 2026-03-11 11:53:15,542: process[master]: started with pid [686]
[roslaunch][INFO] 2026-03-11 11:53:15,542: master.is_running[http://localhost:11311]
[roslaunch][INFO] 2026-03-11 11:53:15,643: master.is_running[http://localhost:11311]
[roslaunch][INFO] 2026-03-11 11:53:15,744: master.is_running[http://localhost:11311]
[roslaunch][INFO] 2026-03-11 11:53:15,746: master.is_running[http://localhost:11311]
[roslaunch][INFO] 2026-03-11 11:53:15,747: ROS_MASTER_URI=http://localhost:11311
[roslaunch][INFO] 2026-03-11 11:53:15,748: setting /run_id to e352bb54-1d40-11f1-ad06-42c45de47f1a
[roslaunch][INFO] 2026-03-11 11:53:15,749: setting /roslaunch/uris/host_dfd1434c44f2__37825' to http://dfd1434c44f2:37825/
[roslaunch][INFO] 2026-03-11 11:53:15,751: ... preparing to launch node of type [rosout/rosout]
[roslaunch][INFO] 2026-03-11 11:53:15,751: create_node_process: package[rosout] type[rosout] machine[Machine(name[] env_loader[None] address[localhost] ssh_port[22] user[None] assignable[True] timeout[10.0])] master_uri[http://localhost:11311]
[roslaunch][INFO] 2026-03-11 11:53:15,751: process[rosout-1]: env[{'ROS_VERSION': '1', 'PKG_CONFIG_PATH': '/root/code/tank-setup/bluerov2_pid/ros_qualysis/install/ros-qualisys/lib/x86_64-linux-gnu/pkgconfig:/root/code/tank-setup/bluerov2_pid/ros_qualysis/install/ros-qualisys/lib/pkgconfig:/opt/ros/noetic/lib/pkgconfig', 'ROS_PYTHON_VERSION': '3', 'HOSTNAME': 'dfd1434c44f2', 'ROS_PACKAGE_PATH': '/root/code/tank-setup/bluerov2_pid/ros_qualysis/install/ros-qualisys/share:/opt/ros/noetic/share', 'ROSLISP_PACKAGE_DIRECTORIES': '', 'PWD': '/root/code/tank-setup/bluerov2_pid/ros_qualysis', 'HOME': '/root', 'LANG': 'C.UTF-8', 'ROS_ETC_DIR': '/opt/ros/noetic/etc/ros', 'CMAKE_PREFIX_PATH': '/root/code/tank-setup/bluerov2_pid/ros_qualysis/install/ros-qualisys:/opt/ros/noetic', 'COLCON_PREFIX_PATH': '/root/code/tank-setup/bluerov2_pid/ros_qualysis/install', 'PYTHONPATH': '/opt/ros/noetic/lib/python3/dist-packages', 'TERM': 'xterm', 'DISPLAY': ':1', 'SHLVL': '1', 'ROS_MASTER_URI': 'http://localhost:11311', 'LD_LIBRARY_PATH': '/opt/openrobots/lib:/root/code/tank-setup/bluerov2_pid/ros_qualysis/install/ros-qualisys/lib:/opt/openrobots/lib:/opt/ros/noetic/lib', 'LC_ALL': 'C.UTF-8', 'PATH': '/opt/ros/noetic/bin:/usr/local/sbin:/usr/local/bin:/usr/sbin:/usr/bin:/sbin:/bin', 'ROS_ROOT': '/opt/ros/noetic/share/ros', 'ROS_DISTRO': 'noetic', 'QT_X11_NO_MITSHM': '1', 'OLDPWD': '/root/code/tank-setup/bluerov2_pid', '_': '/opt/ros/noetic/bin/roslaunch', 'ROS_LOG_FILENAME': '/root/.ros/log/e352bb54-1d40-11f1-ad06-42c45de47f1a/roslaunch-dfd1434c44f2-657.log'}]
[roslaunch][INFO] 2026-03-11 11:53:15,770: process[rosout-1]: args[['/opt/ros/noetic/lib/rosout/rosout', '__name:=rosout']]
[roslaunch][INFO] 2026-03-11 11:53:15,770: ... created process [rosout-1]
[roslaunch.pmon][INFO] 2026-03-11 11:53:15,770: ProcessMonitor.register[rosout-1]
[roslaunch.pmon][INFO] 2026-03-11 11:53:15,770: ProcessMonitor.register[rosout-1] complete
[roslaunch][INFO] 2026-03-11 11:53:15,770: ... registered process [rosout-1]
[roslaunch][INFO] 2026-03-11 11:53:15,770: process[rosout-1]: starting os process
[roslaunch][INFO] 2026-03-11 11:53:15,770: process[rosout-1]: start w/ args [['/opt/ros/noetic/lib/rosout/rosout', '__name:=rosout', '__log:=/root/.ros/log/e352bb54-1d40-11f1-ad06-42c45de47f1a/rosout-1.log']]
[roslaunch][INFO] 2026-03-11 11:53:15,770: process[rosout-1]: cwd will be [/root/.ros]
[roslaunch][INFO] 2026-03-11 11:53:15,773: process[rosout-1]: started with pid [717]
[roslaunch][INFO] 2026-03-11 11:53:15,773: ... successfully launched [rosout-1]
[roslaunch][INFO] 2026-03-11 11:53:15,774: load_parameters starting ...
[roslaunch][INFO] 2026-03-11 11:53:15,778: ... load_parameters complete
[roslaunch][INFO] 2026-03-11 11:53:15,778: launch_nodes: launching local nodes ...
[roslaunch][INFO] 2026-03-11 11:53:15,778: ... preparing to launch node of type [ros-qualisys/ros-qualisys]
[roslaunch][INFO] 2026-03-11 11:53:15,778: create_node_process: package[ros-qualisys] type[ros-qualisys] machine[Machine(name[] env_loader[None] address[localhost] ssh_port[22] user[None] assignable[True] timeout[10.0])] master_uri[http://localhost:11311]
[roslaunch][INFO] 2026-03-11 11:53:15,778: process[qualisys-2]: env[{'ROS_VERSION': '1', 'PKG_CONFIG_PATH': '/root/code/tank-setup/bluerov2_pid/ros_qualysis/install/ros-qualisys/lib/x86_64-linux-gnu/pkgconfig:/root/code/tank-setup/bluerov2_pid/ros_qualysis/install/ros-qualisys/lib/pkgconfig:/opt/ros/noetic/lib/pkgconfig', 'ROS_PYTHON_VERSION': '3', 'HOSTNAME': 'dfd1434c44f2', 'ROS_PACKAGE_PATH': '/root/code/tank-setup/bluerov2_pid/ros_qualysis/install/ros-qualisys/share:/opt/ros/noetic/share', 'ROSLISP_PACKAGE_DIRECTORIES': '', 'PWD': '/root/code/tank-setup/bluerov2_pid/ros_qualysis', 'HOME': '/root', 'LANG': 'C.UTF-8', 'ROS_ETC_DIR': '/opt/ros/noetic/etc/ros', 'CMAKE_PREFIX_PATH': '/root/code/tank-setup/bluerov2_pid/ros_qualysis/install/ros-qualisys:/opt/ros/noetic', 'COLCON_PREFIX_PATH': '/root/code/tank-setup/bluerov2_pid/ros_qualysis/install', 'PYTHONPATH': '/opt/ros/noetic/lib/python3/dist-packages', 'TERM': 'xterm', 'DISPLAY': ':1', 'SHLVL': '1', 'ROS_MASTER_URI': 'http://localhost:11311', 'LD_LIBRARY_PATH': '/opt/openrobots/lib:/root/code/tank-setup/bluerov2_pid/ros_qualysis/install/ros-qualisys/lib:/opt/openrobots/lib:/opt/ros/noetic/lib', 'LC_ALL': 'C.UTF-8', 'PATH': '/opt/ros/noetic/bin:/usr/local/sbin:/usr/local/bin:/usr/sbin:/usr/bin:/sbin:/bin', 'ROS_ROOT': '/opt/ros/noetic/share/ros', 'ROS_DISTRO': 'noetic', 'QT_X11_NO_MITSHM': '1', 'OLDPWD': '/root/code/tank-setup/bluerov2_pid', '_': '/opt/ros/noetic/bin/roslaunch', 'ROS_LOG_FILENAME': '/root/.ros/log/e352bb54-1d40-11f1-ad06-42c45de47f1a/roslaunch-dfd1434c44f2-657.log'}]
[roslaunch][INFO] 2026-03-11 11:53:15,778: process[qualisys-2]: args[['/root/code/tank-setup/bluerov2_pid/ros_qualysis/install/ros-qualisys/lib/ros-qualisys/ros-qualisys', '__name:=qualisys']]
[roslaunch][INFO] 2026-03-11 11:53:15,778: ... created process [qualisys-2]
[roslaunch.pmon][INFO] 2026-03-11 11:53:15,778: ProcessMonitor.register[qualisys-2]
[roslaunch.pmon][INFO] 2026-03-11 11:53:15,778: ProcessMonitor.register[qualisys-2] complete
[roslaunch][INFO] 2026-03-11 11:53:15,778: ... registered process [qualisys-2]
[roslaunch][INFO] 2026-03-11 11:53:15,778: process[qualisys-2]: starting os process
[roslaunch][INFO] 2026-03-11 11:53:15,778: process[qualisys-2]: start w/ args [['/root/code/tank-setup/bluerov2_pid/ros_qualysis/install/ros-qualisys/lib/ros-qualisys/ros-qualisys', '__name:=qualisys', '__log:=/root/.ros/log/e352bb54-1d40-11f1-ad06-42c45de47f1a/qualisys-2.log']]
[roslaunch][INFO] 2026-03-11 11:53:15,778: process[qualisys-2]: cwd will be [/root/.ros]
[roslaunch][INFO] 2026-03-11 11:53:15,781: process[qualisys-2]: started with pid [723]
[roslaunch][INFO] 2026-03-11 11:53:15,781: ... successfully launched [qualisys-2]
[roslaunch][INFO] 2026-03-11 11:53:15,781: ... launch_nodes complete
[roslaunch.pmon][INFO] 2026-03-11 11:53:15,781: registrations completed <ProcessMonitor(ProcessMonitor-1, started daemon 140280102340352)>
[roslaunch.parent][INFO] 2026-03-11 11:53:15,781: ... roslaunch parent running, waiting for process exit
[roslaunch][INFO] 2026-03-11 11:53:15,781: spin
[roslaunch.pmon][INFO] 2026-03-11 11:53:21,214: ProcessMonitor.shutdown <ProcessMonitor(ProcessMonitor-1, started daemon 140280102340352)>
[roslaunch.pmon][INFO] 2026-03-11 11:53:21,235: ProcessMonitor._post_run <ProcessMonitor(ProcessMonitor-1, started daemon 140280102340352)>
[roslaunch.pmon][INFO] 2026-03-11 11:53:21,235: ProcessMonitor._post_run <ProcessMonitor(ProcessMonitor-1, started daemon 140280102340352)>: remaining procs are [<roslaunch.nodeprocess.LocalProcess object at 0x7f9593a9f910>, <roslaunch.nodeprocess.LocalProcess object at 0x7f9593a9f7c0>, <roslaunch.nodeprocess.LocalProcess object at 0x7f9593a9f640>]
[roslaunch.pmon][INFO] 2026-03-11 11:53:21,236: ProcessMonitor exit: killing qualisys-2
[roslaunch][INFO] 2026-03-11 11:53:21,236: [qualisys-2] killing on exit
[roslaunch][INFO] 2026-03-11 11:53:21,236: process[qualisys-2]: killing os process with pid[723] pgid[723]
[roslaunch][INFO] 2026-03-11 11:53:21,237: [qualisys-2] sending SIGINT to pgid [723]
[roslaunch][INFO] 2026-03-11 11:53:21,237: [qualisys-2] sent SIGINT to pgid [723]
[roslaunch][INFO] 2026-03-11 11:53:21,337: process[qualisys-2]: SIGINT killed with return value -2
[roslaunch.pmon][INFO] 2026-03-11 11:53:21,338: ProcessMonitor exit: killing rosout-1
[roslaunch][INFO] 2026-03-11 11:53:21,338: [rosout-1] killing on exit
[roslaunch][INFO] 2026-03-11 11:53:21,338: process[rosout-1]: killing os process with pid[717] pgid[717]
[roslaunch][INFO] 2026-03-11 11:53:21,338: [rosout-1] sending SIGINT to pgid [717]
[roslaunch][INFO] 2026-03-11 11:53:21,338: [rosout-1] sent SIGINT to pgid [717]
[roslaunch][INFO] 2026-03-11 11:53:21,438: process[rosout-1]: SIGINT killed with return value 0
[roslaunch.pmon][INFO] 2026-03-11 11:53:21,438: ProcessMonitor exit: killing master
[roslaunch][INFO] 2026-03-11 11:53:21,438: [master] killing on exit
[roslaunch][INFO] 2026-03-11 11:53:21,438: process[master]: killing os process with pid[686] pgid[686]
[roslaunch][INFO] 2026-03-11 11:53:21,438: [master] sending SIGINT to pgid [686]
[roslaunch][INFO] 2026-03-11 11:53:21,438: [master] sent SIGINT to pgid [686]
[roslaunch][INFO] 2026-03-11 11:53:21,639: process[master]: SIGINT killed with return value 0
[roslaunch.pmon][INFO] 2026-03-11 11:53:21,639: ProcessMonitor exit: cleaning up data structures and signals
[roslaunch.pmon][INFO] 2026-03-11 11:53:21,639: ProcessMonitor exit: pmon has shutdown
[roslaunch][INFO] 2026-03-11 11:53:21,639: process monitor is done spinning, initiating full shutdown
[roslaunch][INFO] 2026-03-11 11:53:21,639: runner.stop()
[roslaunch][INFO] 2026-03-11 11:53:21,640: shutting down processing monitor...
[roslaunch][INFO] 2026-03-11 11:53:21,640: shutting down processing monitor <ProcessMonitor(ProcessMonitor-1, stopped daemon 140280102340352)>
[roslaunch.pmon][INFO] 2026-03-11 11:53:21,640: ProcessMonitor.shutdown <ProcessMonitor(ProcessMonitor-1, stopped daemon 140280102340352)>
[roslaunch][INFO] 2026-03-11 11:53:21,640: ... shutting down processing monitor complete
[roslaunch][INFO] 2026-03-11 11:53:21,640: done
[roslaunch.pmon][INFO] 2026-03-11 11:53:21,640: ProcessMonitor.shutdown <ProcessMonitor(ProcessMonitor-1, stopped daemon 140280102340352)>
[rospy.core][INFO] 2026-03-11 11:53:21,640: signal_shutdown [atexit]
